{"meta": {"format": 3, "version": "7.13.5", "timestamp": "2026-04-11T05:55:32.954929", "branch_coverage": true, "show_contexts": false}, "files": {"fargv/__init__.py": {"executed_lines": [35, 36, 37, 38, 39, 40, 50, 52], "summary": {"covered_lines": 8, "num_statements": 8, "percent_covered": 100.0, "percent_covered_display": "100", "missing_lines": 0, "excluded_lines": 0, "percent_statements_covered": 100.0, "percent_statements_covered_display": "100", "num_branches": 0, "num_partial_branches": 0, "covered_branches": 0, "missing_branches": 0, "percent_branches_covered": 100.0, "percent_branches_covered_display": "100"}, "missing_lines": [], "excluded_lines": [], "executed_branches": [], "missing_branches": [], "functions": {"": {"executed_lines": [35, 36, 37, 38, 39, 40, 50, 52], "summary": {"covered_lines": 8, "num_statements": 8, "percent_covered": 100.0, "percent_covered_display": "100", "missing_lines": 0, "excluded_lines": 0, "percent_statements_covered": 100.0, "percent_statements_covered_display": "100", "num_branches": 0, "num_partial_branches": 0, "covered_branches": 0, "missing_branches": 0, "percent_branches_covered": 100.0, "percent_branches_covered_display": "100"}, "missing_lines": [], "excluded_lines": [], "start_line": 1, "executed_branches": [], "missing_branches": []}}, "classes": {"": {"executed_lines": [35, 36, 37, 38, 39, 40, 50, 52], "summary": {"covered_lines": 8, "num_statements": 8, "percent_covered": 100.0, "percent_covered_display": "100", "missing_lines": 0, "excluded_lines": 0, "percent_statements_covered": 100.0, "percent_statements_covered_display": "100", "num_branches": 0, "num_partial_branches": 0, "covered_branches": 0, "missing_branches": 0, "percent_branches_covered": 100.0, "percent_branches_covered_display": "100"}, "missing_lines": [], "excluded_lines": [], "start_line": 1, "executed_branches": [], "missing_branches": []}}}, "fargv/__main__.py": {"executed_lines": [36, 37, 38, 41, 55, 56, 57, 58, 59, 60, 61, 62, 63, 64, 65, 66, 67, 68, 69, 70, 73, 75, 80, 81, 82, 83, 84, 85, 86, 89, 90, 92, 93, 96, 103, 106, 108, 109, 115, 116, 117, 119, 120, 121, 125, 129, 130, 131, 132, 133, 134, 135, 136, 137, 138, 139, 140, 141, 144, 147, 148, 149, 151, 152, 154, 157, 158, 159, 160, 162, 163, 166, 167, 168, 170, 174], "summary": {"covered_lines": 76, "num_statements": 77, "percent_covered": 98.01980198019803, "percent_covered_display": "98", "missing_lines": 1, "excluded_lines": 2, "percent_statements_covered": 98.7012987012987, "percent_statements_covered_display": "99", "num_branches": 24, "num_partial_branches": 1, "covered_branches": 23, "missing_branches": 1, "percent_branches_covered": 95.83333333333333, "percent_branches_covered_display": "96"}, "missing_lines": [177], "excluded_lines": [87, 88], "executed_branches": [[56, 57], [56, 69], [64, 65], [64, 66], [81, 82], [81, 92], [83, 84], [83, 90], [130, 131], [130, 139], [131, 132], [131, 133], [133, 134], [133, 138], [140, 141], [147, 148], [147, 151], [157, 158], [157, 166], [159, 160], [159, 162], [166, 167], [166, 170]], "missing_branches": [[140, -96]], "functions": {"_resolve_target": {"executed_lines": [55, 56, 57, 58, 59, 60, 61, 62, 63, 64, 65, 66, 67, 68, 69, 70], "summary": {"covered_lines": 16, "num_statements": 16, "percent_covered": 100.0, "percent_covered_display": "100", "missing_lines": 0, "excluded_lines": 0, "percent_statements_covered": 100.0, "percent_statements_covered_display": "100", "num_branches": 4, "num_partial_branches": 0, "covered_branches": 4, "missing_branches": 0, "percent_branches_covered": 100.0, "percent_branches_covered_display": "100"}, "missing_lines": [], "excluded_lines": [], "start_line": 41, "executed_branches": [[56, 57], [56, 69], [64, 65], [64, 66]], "missing_branches": []}, "_list_callables": {"executed_lines": [75, 80, 81, 82, 83, 84, 85, 86, 89, 90, 92, 93], "summary": {"covered_lines": 12, "num_statements": 12, "percent_covered": 100.0, "percent_covered_display": "100", "missing_lines": 0, "excluded_lines": 2, "percent_statements_covered": 100.0, "percent_statements_covered_display": "100", "num_branches": 4, "num_partial_branches": 0, "covered_branches": 4, "missing_branches": 0, "percent_branches_covered": 100.0, "percent_branches_covered_display": "100"}, "missing_lines": [], "excluded_lines": [87, 88], "start_line": 73, "executed_branches": [[81, 82], [81, 92], [83, 84], [83, 90]], "missing_branches": []}, "_call_target": {"executed_lines": [103, 106, 108, 109, 115, 116, 117, 119, 120, 121, 125, 129, 130, 131, 132, 133, 134, 135, 136, 137, 138, 139, 140, 141], "summary": {"covered_lines": 24, "num_statements": 24, "percent_covered": 96.875, "percent_covered_display": "97", "missing_lines": 0, "excluded_lines": 0, "percent_statements_covered": 100.0, "percent_statements_covered_display": "100", "num_branches": 8, "num_partial_branches": 1, "covered_branches": 7, "missing_branches": 1, "percent_branches_covered": 87.5, "percent_branches_covered_display": "88"}, "missing_lines": [], "excluded_lines": [], "start_line": 96, "executed_branches": [[130, 131], [130, 139], [131, 132], [131, 133], [133, 134], [133, 138], [140, 141]], "missing_branches": [[140, -96]]}, "main": {"executed_lines": [147, 148, 149, 151, 152, 154, 157, 158, 159, 160, 162, 163, 166, 167, 168, 170, 174], "summary": {"covered_lines": 17, "num_statements": 17, "percent_covered": 100.0, "percent_covered_display": "100", "missing_lines": 0, "excluded_lines": 0, "percent_statements_covered": 100.0, "percent_statements_covered_display": "100", "num_branches": 8, "num_partial_branches": 0, "covered_branches": 8, "missing_branches": 0, "percent_branches_covered": 100.0, "percent_branches_covered_display": "100"}, "missing_lines": [], "excluded_lines": [], "start_line": 144, "executed_branches": [[147, 148], [147, 151], [157, 158], [157, 166], [159, 160], [159, 162], [166, 167], [166, 170]], "missing_branches": []}, "": {"executed_lines": [36, 37, 38, 41, 73, 96, 144], "summary": {"covered_lines": 7, "num_statements": 8, "percent_covered": 87.5, "percent_covered_display": "88", "missing_lines": 1, "excluded_lines": 0, "percent_statements_covered": 87.5, "percent_statements_covered_display": "88", "num_branches": 0, "num_partial_branches": 0, "covered_branches": 0, "missing_branches": 0, "percent_branches_covered": 100.0, "percent_branches_covered_display": "100"}, "missing_lines": [177], "excluded_lines": [], "start_line": 1, "executed_branches": [], "missing_branches": []}}, "classes": {"": {"executed_lines": [36, 37, 38, 41, 55, 56, 57, 58, 59, 60, 61, 62, 63, 64, 65, 66, 67, 68, 69, 70, 73, 75, 80, 81, 82, 83, 84, 85, 86, 89, 90, 92, 93, 96, 103, 106, 108, 109, 115, 116, 117, 119, 120, 121, 125, 129, 130, 131, 132, 133, 134, 135, 136, 137, 138, 139, 140, 141, 144, 147, 148, 149, 151, 152, 154, 157, 158, 159, 160, 162, 163, 166, 167, 168, 170, 174], "summary": {"covered_lines": 76, "num_statements": 77, "percent_covered": 98.01980198019803, "percent_covered_display": "98", "missing_lines": 1, "excluded_lines": 2, "percent_statements_covered": 98.7012987012987, "percent_statements_covered_display": "99", "num_branches": 24, "num_partial_branches": 1, "covered_branches": 23, "missing_branches": 1, "percent_branches_covered": 95.83333333333333, "percent_branches_covered_display": "96"}, "missing_lines": [177], "excluded_lines": [87, 88], "start_line": 1, "executed_branches": [[56, 57], [56, 69], [64, 65], [64, 66], [81, 82], [81, 92], [83, 84], [83, 90], [130, 131], [130, 139], [131, 132], [131, 133], [133, 134], [133, 138], [140, 141], [147, 148], [147, 151], [157, 158], [157, 166], [159, 160], [159, 162], [166, 167], [166, 170]], "missing_branches": [[140, -96]]}}}, "fargv/ansi.py": {"executed_lines": [18, 21, 22, 23, 24, 25, 26, 27, 30, 35, 36, 37, 40, 42, 43, 47, 49, 52, 54, 57, 59, 62, 64, 67, 69, 72, 74, 77], "summary": {"covered_lines": 28, "num_statements": 30, "percent_covered": 91.17647058823529, "percent_covered_display": "91", "missing_lines": 2, "excluded_lines": 0, "percent_statements_covered": 93.33333333333333, "percent_statements_covered_display": "93", "num_branches": 4, "num_partial_branches": 1, "covered_branches": 3, "missing_branches": 1, "percent_branches_covered": 75.0, "percent_branches_covered_display": "75"}, "missing_lines": [44, 79], "excluded_lines": [], "executed_branches": [[35, 36], [35, 37], [42, 43]], "missing_branches": [[42, 44]], "functions": {"is_colored": {"executed_lines": [35, 36, 37], "summary": {"covered_lines": 3, "num_statements": 3, "percent_covered": 100.0, "percent_covered_display": "100", "missing_lines": 0, "excluded_lines": 0, "percent_statements_covered": 100.0, "percent_statements_covered_display": "100", "num_branches": 2, "num_partial_branches": 0, "covered_branches": 2, "missing_branches": 0, "percent_branches_covered": 100.0, "percent_branches_covered_display": "100"}, "missing_lines": [], "excluded_lines": [], "start_line": 30, "executed_branches": [[35, 36], [35, 37]], "missing_branches": []}, "_s": {"executed_lines": [42, 43], "summary": {"covered_lines": 2, "num_statements": 3, "percent_covered": 60.0, "percent_covered_display": "60", "missing_lines": 1, "excluded_lines": 0, "percent_statements_covered": 66.66666666666667, "percent_statements_covered_display": "67", "num_branches": 2, "num_partial_branches": 1, "covered_branches": 1, "missing_branches": 1, "percent_branches_covered": 50.0, "percent_branches_covered_display": "50"}, "missing_lines": [44], "excluded_lines": [], "start_line": 40, "executed_branches": [[42, 43]], "missing_branches": [[42, 44]]}, "bold": {"executed_lines": [49], "summary": {"covered_lines": 1, "num_statements": 1, "percent_covered": 100.0, "percent_covered_display": "100", "missing_lines": 0, "excluded_lines": 0, "percent_statements_covered": 100.0, "percent_statements_covered_display": "100", "num_branches": 0, "num_partial_branches": 0, "covered_branches": 0, "missing_branches": 0, "percent_branches_covered": 100.0, "percent_branches_covered_display": "100"}, "missing_lines": [], "excluded_lines": [], "start_line": 47, "executed_branches": [], "missing_branches": []}, "cyan": {"executed_lines": [54], "summary": {"covered_lines": 1, "num_statements": 1, "percent_covered": 100.0, "percent_covered_display": "100", "missing_lines": 0, "excluded_lines": 0, "percent_statements_covered": 100.0, "percent_statements_covered_display": "100", "num_branches": 0, "num_partial_branches": 0, "covered_branches": 0, "missing_branches": 0, "percent_branches_covered": 100.0, "percent_branches_covered_display": "100"}, "missing_lines": [], "excluded_lines": [], "start_line": 52, "executed_branches": [], "missing_branches": []}, "green": {"executed_lines": [59], "summary": {"covered_lines": 1, "num_statements": 1, "percent_covered": 100.0, "percent_covered_display": "100", "missing_lines": 0, "excluded_lines": 0, "percent_statements_covered": 100.0, "percent_statements_covered_display": "100", "num_branches": 0, "num_partial_branches": 0, "covered_branches": 0, "missing_branches": 0, "percent_branches_covered": 100.0, "percent_branches_covered_display": "100"}, "missing_lines": [], "excluded_lines": [], "start_line": 57, "executed_branches": [], "missing_branches": []}, "yellow_bold": {"executed_lines": [64], "summary": {"covered_lines": 1, "num_statements": 1, "percent_covered": 100.0, "percent_covered_display": "100", "missing_lines": 0, "excluded_lines": 0, "percent_statements_covered": 100.0, "percent_statements_covered_display": "100", "num_branches": 0, "num_partial_branches": 0, "covered_branches": 0, "missing_branches": 0, "percent_branches_covered": 100.0, "percent_branches_covered_display": "100"}, "missing_lines": [], "excluded_lines": [], "start_line": 62, "executed_branches": [], "missing_branches": []}, "dim": {"executed_lines": [69], "summary": {"covered_lines": 1, "num_statements": 1, "percent_covered": 100.0, "percent_covered_display": "100", "missing_lines": 0, "excluded_lines": 0, "percent_statements_covered": 100.0, "percent_statements_covered_display": "100", "num_branches": 0, "num_partial_branches": 0, "covered_branches": 0, "missing_branches": 0, "percent_branches_covered": 100.0, "percent_branches_covered_display": "100"}, "missing_lines": [], "excluded_lines": [], "start_line": 67, "executed_branches": [], "missing_branches": []}, "bold_white": {"executed_lines": [74], "summary": {"covered_lines": 1, "num_statements": 1, "percent_covered": 100.0, "percent_covered_display": "100", "missing_lines": 0, "excluded_lines": 0, "percent_statements_covered": 100.0, "percent_statements_covered_display": "100", "num_branches": 0, "num_partial_branches": 0, "covered_branches": 0, "missing_branches": 0, "percent_branches_covered": 100.0, "percent_branches_covered_display": "100"}, "missing_lines": [], "excluded_lines": [], "start_line": 72, "executed_branches": [], "missing_branches": []}, "gray": {"executed_lines": [], "summary": {"covered_lines": 0, "num_statements": 1, "percent_covered": 0.0, "percent_covered_display": "0", "missing_lines": 1, "excluded_lines": 0, "percent_statements_covered": 0.0, "percent_statements_covered_display": "0", "num_branches": 0, "num_partial_branches": 0, "covered_branches": 0, "missing_branches": 0, "percent_branches_covered": 100.0, "percent_branches_covered_display": "100"}, "missing_lines": [79], "excluded_lines": [], "start_line": 77, "executed_branches": [], "missing_branches": []}, "": {"executed_lines": [18, 21, 22, 23, 24, 25, 26, 27, 30, 40, 47, 52, 57, 62, 67, 72, 77], "summary": {"covered_lines": 17, "num_statements": 17, "percent_covered": 100.0, "percent_covered_display": "100", "missing_lines": 0, "excluded_lines": 0, "percent_statements_covered": 100.0, "percent_statements_covered_display": "100", "num_branches": 0, "num_partial_branches": 0, "covered_branches": 0, "missing_branches": 0, "percent_branches_covered": 100.0, "percent_branches_covered_display": "100"}, "missing_lines": [], "excluded_lines": [], "start_line": 1, "executed_branches": [], "missing_branches": []}}, "classes": {"": {"executed_lines": [18, 21, 22, 23, 24, 25, 26, 27, 30, 35, 36, 37, 40, 42, 43, 47, 49, 52, 54, 57, 59, 62, 64, 67, 69, 72, 74, 77], "summary": {"covered_lines": 28, "num_statements": 30, "percent_covered": 91.17647058823529, "percent_covered_display": "91", "missing_lines": 2, "excluded_lines": 0, "percent_statements_covered": 93.33333333333333, "percent_statements_covered_display": "93", "num_branches": 4, "num_partial_branches": 1, "covered_branches": 3, "missing_branches": 1, "percent_branches_covered": 75.0, "percent_branches_covered_display": "75"}, "missing_lines": [44, 79], "excluded_lines": [], "start_line": 1, "executed_branches": [[35, 36], [35, 37], [42, 43]], "missing_branches": [[42, 44]]}}}, "fargv/config.py": {"executed_lines": [31, 32, 33, 34, 35, 42, 44, 45, 48, 50, 57, 59, 73, 79, 80, 81, 82, 83, 84, 85, 86, 96, 97, 100, 101, 102, 103, 104, 105, 106, 107, 111, 114, 128, 152, 177, 186, 187, 188, 189, 190, 191, 192, 193, 195, 196, 203, 222, 224, 225, 227, 228, 230, 231, 232, 233, 234, 238, 239, 242, 243, 244, 245, 246, 256, 267, 276, 291, 292, 293, 296, 297, 299, 304, 305, 312, 314, 315, 316, 317, 318, 319, 320, 323, 325, 326, 327, 328, 329, 330, 331, 332, 333, 334, 335, 337, 340, 359, 376, 387, 388, 406, 408, 411, 423, 426, 427, 429, 430, 432, 433, 434, 437, 439, 441, 442, 443, 445, 448, 503, 519, 566, 583, 634, 650, 657, 658, 659, 660, 661, 662, 663], "summary": {"covered_lines": 132, "num_statements": 360, "percent_covered": 36.38059701492537, "percent_covered_display": "36", "missing_lines": 228, "excluded_lines": 0, "percent_statements_covered": 36.666666666666664, "percent_statements_covered_display": "37", "num_branches": 176, "num_partial_branches": 3, "covered_branches": 63, "missing_branches": 113, "percent_branches_covered": 35.79545454545455, "percent_branches_covered_display": "36"}, "missing_lines": [87, 88, 89, 90, 91, 92, 93, 117, 118, 119, 120, 121, 122, 123, 124, 125, 129, 130, 131, 132, 133, 134, 135, 139, 140, 142, 143, 144, 145, 146, 148, 149, 153, 154, 155, 156, 159, 160, 161, 162, 163, 164, 165, 166, 167, 169, 170, 247, 248, 252, 253, 342, 343, 344, 345, 346, 347, 348, 349, 350, 351, 352, 353, 354, 355, 356, 378, 379, 384, 385, 389, 390, 391, 392, 393, 394, 396, 413, 414, 415, 416, 453, 454, 455, 456, 458, 459, 460, 461, 462, 463, 465, 466, 467, 468, 470, 472, 473, 474, 475, 477, 478, 479, 480, 481, 482, 483, 484, 485, 487, 488, 489, 491, 492, 493, 494, 495, 496, 497, 498, 499, 500, 504, 505, 506, 507, 508, 509, 510, 511, 512, 513, 514, 515, 516, 523, 524, 525, 526, 528, 529, 530, 531, 532, 533, 534, 535, 536, 538, 539, 540, 541, 543, 544, 545, 546, 547, 548, 549, 551, 552, 553, 555, 556, 557, 558, 559, 560, 561, 562, 563, 567, 568, 569, 570, 571, 572, 573, 574, 575, 576, 577, 578, 579, 580, 587, 588, 589, 590, 592, 593, 594, 595, 596, 597, 598, 599, 601, 602, 603, 604, 606, 607, 608, 609, 610, 611, 612, 614, 615, 616, 618, 619, 620, 621, 622, 623, 624, 625, 626, 640, 641, 642, 643, 644, 645, 646, 647], "excluded_lines": [], "executed_branches": [[79, 80], [79, 81], [82, 83], [82, 84], [85, 86], [106, 107], [106, 111], [187, 188], [187, 196], [188, 189], [188, 195], [190, 187], [190, 191], [192, 190], [192, 193], [224, 225], [224, 227], [230, 231], [230, 242], [231, 232], [231, 233], [233, 234], [233, 238], [238, 239], [238, 242], [242, -203], [242, 243], [243, 244], [243, 245], [296, 297], [296, 299], [304, -276], [304, 305], [316, 317], [316, 318], [318, 319], [318, 320], [326, -323], [326, 327], [327, 328], [327, 329], [329, 330], [329, 337], [331, 326], [331, 332], [332, 331], [332, 333], [333, 334], [333, 335], [376, 387], [387, 388], [429, 430], [429, 445], [432, 433], [432, 439], [442, 429], [442, 443], [658, 659], [658, 663], [659, 660], [659, 661], [661, 658], [661, 662]], "missing_branches": [[85, 87], [87, 88], [87, 89], [89, 90], [89, 91], [91, 92], [91, 93], [121, 122], [121, 125], [122, 121], [122, 123], [143, 144], [143, 149], [144, 145], [144, 148], [145, 143], [145, 146], [161, 162], [161, 163], [164, 165], [164, 170], [165, 166], [165, 169], [166, 164], [166, 167], [252, 242], [252, 253], [376, 378], [379, 384], [379, 387], [384, 379], [384, 385], [387, 389], [389, 390], [389, 391], [391, 392], [391, 393], [393, 394], [393, 396], [413, 414], [413, 416], [458, 459], [458, 491], [460, 461], [460, 462], [465, 466], [465, 467], [467, 468], [467, 470], [472, 473], [472, 477], [477, 478], [477, 487], [478, 479], [478, 480], [492, 493], [492, 496], [496, 497], [496, 500], [504, 505], [504, 506], [506, 507], [506, 508], [508, 509], [508, 510], [510, 511], [510, 512], [512, 513], [512, 514], [514, 515], [514, 516], [528, 529], [528, 555], [530, 531], [530, 532], [538, 539], [538, 543], [543, 544], [543, 551], [544, 545], [544, 546], [556, 557], [556, 560], [561, 562], [561, 563], [567, 568], [567, 569], [569, 570], [569, 571], [571, 572], [571, 573], [573, 574], [573, 575], [576, 577], [576, 578], [578, 579], [578, 580], [592, 593], [592, 618], [594, 595], [594, 596], [601, 602], [601, 606], [606, 607], [606, 614], [607, 608], [607, 609], [619, 620], [619, 623], [624, 625], [624, 626], [641, 642], [641, 643]], "functions": {"_app_name": {"executed_lines": [44, 45], "summary": {"covered_lines": 2, "num_statements": 2, "percent_covered": 100.0, "percent_covered_display": "100", "missing_lines": 0, "excluded_lines": 0, "percent_statements_covered": 100.0, "percent_statements_covered_display": "100", "num_branches": 0, "num_partial_branches": 0, "covered_branches": 0, "missing_branches": 0, "percent_branches_covered": 100.0, "percent_branches_covered_display": "100"}, "missing_lines": [], "excluded_lines": [], "start_line": 42, "executed_branches": [], "missing_branches": []}, "default_config_path": {"executed_lines": [50], "summary": {"covered_lines": 1, "num_statements": 1, "percent_covered": 100.0, "percent_covered_display": "100", "missing_lines": 0, "excluded_lines": 0, "percent_statements_covered": 100.0, "percent_statements_covered_display": "100", "num_branches": 0, "num_partial_branches": 0, "covered_branches": 0, "missing_branches": 0, "percent_branches_covered": 100.0, "percent_branches_covered_display": "100"}, "missing_lines": [], "excluded_lines": [], "start_line": 48, "executed_branches": [], "missing_branches": []}, "_detect_format": {"executed_lines": [59], "summary": {"covered_lines": 1, "num_statements": 1, "percent_covered": 100.0, "percent_covered_display": "100", "missing_lines": 0, "excluded_lines": 0, "percent_statements_covered": 100.0, "percent_statements_covered_display": "100", "num_branches": 0, "num_partial_branches": 0, "covered_branches": 0, "missing_branches": 0, "percent_branches_covered": 100.0, "percent_branches_covered_display": "100"}, "missing_lines": [], "excluded_lines": [], "start_line": 57, "executed_branches": [], "missing_branches": []}, "load_config": {"executed_lines": [79, 80, 81, 82, 83, 84, 85, 86], "summary": {"covered_lines": 8, "num_statements": 15, "percent_covered": 48.148148148148145, "percent_covered_display": "48", "missing_lines": 7, "excluded_lines": 0, "percent_statements_covered": 53.333333333333336, "percent_statements_covered_display": "53", "num_branches": 12, "num_partial_branches": 1, "covered_branches": 5, "missing_branches": 7, "percent_branches_covered": 41.666666666666664, "percent_branches_covered_display": "42"}, "missing_lines": [87, 88, 89, 90, 91, 92, 93], "excluded_lines": [], "start_line": 73, "executed_branches": [[79, 80], [79, 81], [82, 83], [82, 84], [85, 86]], "missing_branches": [[85, 87], [87, 88], [87, 89], [89, 90], [89, 91], [91, 92], [91, 93]]}, "_drop_comments": {"executed_lines": [97], "summary": {"covered_lines": 1, "num_statements": 1, "percent_covered": 100.0, "percent_covered_display": "100", "missing_lines": 0, "excluded_lines": 0, "percent_statements_covered": 100.0, "percent_statements_covered_display": "100", "num_branches": 0, "num_partial_branches": 0, "covered_branches": 0, "missing_branches": 0, "percent_branches_covered": 100.0, "percent_branches_covered_display": "100"}, "missing_lines": [], "excluded_lines": [], "start_line": 96, "executed_branches": [], "missing_branches": []}, "_load_json": {"executed_lines": [101, 102, 103, 104, 105, 106, 107, 111], "summary": {"covered_lines": 8, "num_statements": 8, "percent_covered": 100.0, "percent_covered_display": "100", "missing_lines": 0, "excluded_lines": 0, "percent_statements_covered": 100.0, "percent_statements_covered_display": "100", "num_branches": 2, "num_partial_branches": 0, "covered_branches": 2, "missing_branches": 0, "percent_branches_covered": 100.0, "percent_branches_covered_display": "100"}, "missing_lines": [], "excluded_lines": [], "start_line": 100, "executed_branches": [[106, 107], [106, 111]], "missing_branches": []}, "_load_ini": {"executed_lines": [], "summary": {"covered_lines": 0, "num_statements": 9, "percent_covered": 0.0, "percent_covered_display": "0", "missing_lines": 9, "excluded_lines": 0, "percent_statements_covered": 0.0, "percent_statements_covered_display": "0", "num_branches": 4, "num_partial_branches": 0, "covered_branches": 0, "missing_branches": 4, "percent_branches_covered": 0.0, "percent_branches_covered_display": "0"}, "missing_lines": [117, 118, 119, 120, 121, 122, 123, 124, 125], "excluded_lines": [], "start_line": 114, "executed_branches": [], "missing_branches": [[121, 122], [121, 125], [122, 121], [122, 123]]}, "_load_toml": {"executed_lines": [], "summary": {"covered_lines": 0, "num_statements": 16, "percent_covered": 0.0, "percent_covered_display": "0", "missing_lines": 16, "excluded_lines": 0, "percent_statements_covered": 0.0, "percent_statements_covered_display": "0", "num_branches": 6, "num_partial_branches": 0, "covered_branches": 0, "missing_branches": 6, "percent_branches_covered": 0.0, "percent_branches_covered_display": "0"}, "missing_lines": [129, 130, 131, 132, 133, 134, 135, 139, 140, 142, 143, 144, 145, 146, 148, 149], "excluded_lines": [], "start_line": 128, "executed_branches": [], "missing_branches": [[143, 144], [143, 149], [144, 145], [144, 148], [145, 143], [145, 146]]}, "_load_yaml": {"executed_lines": [], "summary": {"covered_lines": 0, "num_statements": 15, "percent_covered": 0.0, "percent_covered_display": "0", "missing_lines": 15, "excluded_lines": 0, "percent_statements_covered": 0.0, "percent_statements_covered_display": "0", "num_branches": 8, "num_partial_branches": 0, "covered_branches": 0, "missing_branches": 8, "percent_branches_covered": 0.0, "percent_branches_covered_display": "0"}, "missing_lines": [153, 154, 155, 156, 159, 160, 161, 162, 163, 164, 165, 166, 167, 169, 170], "excluded_lines": [], "start_line": 152, "executed_branches": [], "missing_branches": [[161, 162], [161, 163], [164, 165], [164, 170], [165, 166], [165, 169], [166, 164], [166, 167]]}, "_build_flat_lookup": {"executed_lines": [186, 187, 188, 189, 190, 191, 192, 193, 195, 196], "summary": {"covered_lines": 10, "num_statements": 10, "percent_covered": 100.0, "percent_covered_display": "100", "missing_lines": 0, "excluded_lines": 0, "percent_statements_covered": 100.0, "percent_statements_covered_display": "100", "num_branches": 8, "num_partial_branches": 0, "covered_branches": 8, "missing_branches": 0, "percent_branches_covered": 100.0, "percent_branches_covered_display": "100"}, "missing_lines": [], "excluded_lines": [], "start_line": 177, "executed_branches": [[187, 188], [187, 196], [188, 189], [188, 195], [190, 187], [190, 191], [192, 190], [192, 193]], "missing_branches": []}, "apply_overrides": {"executed_lines": [222, 224, 225, 227, 228, 230, 231, 232, 233, 234, 238, 239, 242, 243, 244, 245, 246], "summary": {"covered_lines": 17, "num_statements": 21, "percent_covered": 83.78378378378379, "percent_covered_display": "84", "missing_lines": 4, "excluded_lines": 0, "percent_statements_covered": 80.95238095238095, "percent_statements_covered_display": "81", "num_branches": 16, "num_partial_branches": 0, "covered_branches": 14, "missing_branches": 2, "percent_branches_covered": 87.5, "percent_branches_covered_display": "88"}, "missing_lines": [247, 248, 252, 253], "excluded_lines": [], "start_line": 203, "executed_branches": [[224, 225], [224, 227], [230, 231], [230, 242], [231, 232], [231, 233], [233, 234], [233, 238], [238, 239], [238, 242], [242, -203], [242, 243], [243, 244], [243, 245]], "missing_branches": [[252, 242], [252, 253]]}, "apply_config": {"executed_lines": [267], "summary": {"covered_lines": 1, "num_statements": 1, "percent_covered": 100.0, "percent_covered_display": "100", "missing_lines": 0, "excluded_lines": 0, "percent_statements_covered": 100.0, "percent_statements_covered_display": "100", "num_branches": 0, "num_partial_branches": 0, "covered_branches": 0, "missing_branches": 0, "percent_branches_covered": 100.0, "percent_branches_covered_display": "100"}, "missing_lines": [], "excluded_lines": [], "start_line": 256, "executed_branches": [], "missing_branches": []}, "apply_env_vars": {"executed_lines": [291, 292, 293, 296, 297, 299, 304, 305], "summary": {"covered_lines": 8, "num_statements": 8, "percent_covered": 100.0, "percent_covered_display": "100", "missing_lines": 0, "excluded_lines": 0, "percent_statements_covered": 100.0, "percent_statements_covered_display": "100", "num_branches": 4, "num_partial_branches": 0, "covered_branches": 4, "missing_branches": 0, "percent_branches_covered": 100.0, "percent_branches_covered_display": "100"}, "missing_lines": [], "excluded_lines": [], "start_line": 276, "executed_branches": [[296, 297], [296, 299], [304, -276], [304, 305]], "missing_branches": []}, "_serialise_value": {"executed_lines": [314, 315, 316, 317, 318, 319, 320], "summary": {"covered_lines": 7, "num_statements": 7, "percent_covered": 100.0, "percent_covered_display": "100", "missing_lines": 0, "excluded_lines": 0, "percent_statements_covered": 100.0, "percent_statements_covered_display": "100", "num_branches": 4, "num_partial_branches": 0, "covered_branches": 4, "missing_branches": 0, "percent_branches_covered": 100.0, "percent_branches_covered_display": "100"}, "missing_lines": [], "excluded_lines": [], "start_line": 312, "executed_branches": [[316, 317], [316, 318], [318, 319], [318, 320]], "missing_branches": []}, "_collect_flat_params": {"executed_lines": [325, 326, 327, 328, 329, 330, 331, 332, 333, 334, 335, 337], "summary": {"covered_lines": 12, "num_statements": 12, "percent_covered": 100.0, "percent_covered_display": "100", "missing_lines": 0, "excluded_lines": 0, "percent_statements_covered": 100.0, "percent_statements_covered_display": "100", "num_branches": 12, "num_partial_branches": 0, "covered_branches": 12, "missing_branches": 0, "percent_branches_covered": 100.0, "percent_branches_covered_display": "100"}, "missing_lines": [], "excluded_lines": [], "start_line": 323, "executed_branches": [[326, -323], [326, 327], [327, 328], [327, 329], [329, 330], [329, 337], [331, 326], [331, 332], [332, 331], [332, 333], [333, 334], [333, 335]], "missing_branches": []}, "supported_dump_formats": {"executed_lines": [], "summary": {"covered_lines": 0, "num_statements": 15, "percent_covered": 0.0, "percent_covered_display": "0", "missing_lines": 15, "excluded_lines": 0, "percent_statements_covered": 0.0, "percent_statements_covered_display": "0", "num_branches": 0, "num_partial_branches": 0, "covered_branches": 0, "missing_branches": 0, "percent_branches_covered": 100.0, "percent_branches_covered_display": "100"}, "missing_lines": [342, 343, 344, 345, 346, 347, 348, 349, 350, 351, 352, 353, 354, 355, 356], "excluded_lines": [], "start_line": 340, "executed_branches": [], "missing_branches": []}, "dump_config": {"executed_lines": [376, 387, 388], "summary": {"covered_lines": 3, "num_statements": 14, "percent_covered": 17.857142857142858, "percent_covered_display": "18", "missing_lines": 11, "excluded_lines": 0, "percent_statements_covered": 21.428571428571427, "percent_statements_covered_display": "21", "num_branches": 14, "num_partial_branches": 2, "covered_branches": 2, "missing_branches": 12, "percent_branches_covered": 14.285714285714286, "percent_branches_covered_display": "14"}, "missing_lines": [378, 379, 384, 385, 389, 390, 391, 392, 393, 394, 396], "excluded_lines": [], "start_line": 359, "executed_branches": [[376, 387], [387, 388]], "missing_branches": [[376, 378], [379, 384], [379, 387], [384, 379], [384, 385], [387, 389], [389, 390], [389, 391], [391, 392], [391, 393], [393, 394], [393, 396]]}, "_param_doc": {"executed_lines": [408], "summary": {"covered_lines": 1, "num_statements": 1, "percent_covered": 100.0, "percent_covered_display": "100", "missing_lines": 0, "excluded_lines": 0, "percent_statements_covered": 100.0, "percent_statements_covered_display": "100", "num_branches": 0, "num_partial_branches": 0, "covered_branches": 0, "missing_branches": 0, "percent_branches_covered": 100.0, "percent_branches_covered_display": "100"}, "missing_lines": [], "excluded_lines": [], "start_line": 406, "executed_branches": [], "missing_branches": []}, "_sep": {"executed_lines": [], "summary": {"covered_lines": 0, "num_statements": 4, "percent_covered": 0.0, "percent_covered_display": "0", "missing_lines": 4, "excluded_lines": 0, "percent_statements_covered": 0.0, "percent_statements_covered_display": "0", "num_branches": 2, "num_partial_branches": 0, "covered_branches": 0, "missing_branches": 2, "percent_branches_covered": 0.0, "percent_branches_covered_display": "0"}, "missing_lines": [413, 414, 415, 416], "excluded_lines": [], "start_line": 411, "executed_branches": [], "missing_branches": [[413, 414], [413, 416]]}, "_dump_json": {"executed_lines": [426, 427, 429, 430, 432, 433, 434, 437, 439, 441, 442, 443, 445], "summary": {"covered_lines": 13, "num_statements": 13, "percent_covered": 100.0, "percent_covered_display": "100", "missing_lines": 0, "excluded_lines": 0, "percent_statements_covered": 100.0, "percent_statements_covered_display": "100", "num_branches": 6, "num_partial_branches": 0, "covered_branches": 6, "missing_branches": 0, "percent_branches_covered": 100.0, "percent_branches_covered_display": "100"}, "missing_lines": [], "excluded_lines": [], "start_line": 423, "executed_branches": [[429, 430], [429, 445], [432, 433], [432, 439], [442, 429], [442, 443]], "missing_branches": []}, "_dump_ini": {"executed_lines": [], "summary": {"covered_lines": 0, "num_statements": 41, "percent_covered": 0.0, "percent_covered_display": "0", "missing_lines": 41, "excluded_lines": 0, "percent_statements_covered": 0.0, "percent_statements_covered_display": "0", "num_branches": 18, "num_partial_branches": 0, "covered_branches": 0, "missing_branches": 18, "percent_branches_covered": 0.0, "percent_branches_covered_display": "0"}, "missing_lines": [453, 454, 455, 456, 458, 459, 460, 461, 462, 463, 465, 466, 467, 468, 470, 472, 473, 474, 475, 477, 478, 479, 480, 481, 482, 483, 484, 485, 487, 488, 489, 491, 492, 493, 494, 495, 496, 497, 498, 499, 500], "excluded_lines": [], "start_line": 448, "executed_branches": [], "missing_branches": [[458, 459], [458, 491], [460, 461], [460, 462], [465, 466], [465, 467], [467, 468], [467, 470], [472, 473], [472, 477], [477, 478], [477, 487], [478, 479], [478, 480], [492, 493], [492, 496], [496, 497], [496, 500]]}, "_to_toml_literal": {"executed_lines": [], "summary": {"covered_lines": 0, "num_statements": 13, "percent_covered": 0.0, "percent_covered_display": "0", "missing_lines": 13, "excluded_lines": 0, "percent_statements_covered": 0.0, "percent_statements_covered_display": "0", "num_branches": 12, "num_partial_branches": 0, "covered_branches": 0, "missing_branches": 12, "percent_branches_covered": 0.0, "percent_branches_covered_display": "0"}, "missing_lines": [504, 505, 506, 507, 508, 509, 510, 511, 512, 513, 514, 515, 516], "excluded_lines": [], "start_line": 503, "executed_branches": [], "missing_branches": [[504, 505], [504, 506], [506, 507], [506, 508], [508, 509], [508, 510], [510, 511], [510, 512], [512, 513], [512, 514], [514, 515], [514, 516]]}, "_dump_toml": {"executed_lines": [], "summary": {"covered_lines": 0, "num_statements": 36, "percent_covered": 0.0, "percent_covered_display": "0", "missing_lines": 36, "excluded_lines": 0, "percent_statements_covered": 0.0, "percent_statements_covered_display": "0", "num_branches": 14, "num_partial_branches": 0, "covered_branches": 0, "missing_branches": 14, "percent_branches_covered": 0.0, "percent_branches_covered_display": "0"}, "missing_lines": [523, 524, 525, 526, 528, 529, 530, 531, 532, 533, 534, 535, 536, 538, 539, 540, 541, 543, 544, 545, 546, 547, 548, 549, 551, 552, 553, 555, 556, 557, 558, 559, 560, 561, 562, 563], "excluded_lines": [], "start_line": 519, "executed_branches": [], "missing_branches": [[528, 529], [528, 555], [530, 531], [530, 532], [538, 539], [538, 543], [543, 544], [543, 551], [544, 545], [544, 546], [556, 557], [556, 560], [561, 562], [561, 563]]}, "_to_yaml_scalar": {"executed_lines": [], "summary": {"covered_lines": 0, "num_statements": 14, "percent_covered": 0.0, "percent_covered_display": "0", "missing_lines": 14, "excluded_lines": 0, "percent_statements_covered": 0.0, "percent_statements_covered_display": "0", "num_branches": 12, "num_partial_branches": 0, "covered_branches": 0, "missing_branches": 12, "percent_branches_covered": 0.0, "percent_branches_covered_display": "0"}, "missing_lines": [567, 568, 569, 570, 571, 572, 573, 574, 575, 576, 577, 578, 579, 580], "excluded_lines": [], "start_line": 566, "executed_branches": [], "missing_branches": [[567, 568], [567, 569], [569, 570], [569, 571], [571, 572], [571, 573], [573, 574], [573, 575], [576, 577], [576, 578], [578, 579], [578, 580]]}, "_dump_yaml": {"executed_lines": [], "summary": {"covered_lines": 0, "num_statements": 35, "percent_covered": 0.0, "percent_covered_display": "0", "missing_lines": 35, "excluded_lines": 0, "percent_statements_covered": 0.0, "percent_statements_covered_display": "0", "num_branches": 14, "num_partial_branches": 0, "covered_branches": 0, "missing_branches": 14, "percent_branches_covered": 0.0, "percent_branches_covered_display": "0"}, "missing_lines": [587, 588, 589, 590, 592, 593, 594, 595, 596, 597, 598, 599, 601, 602, 603, 604, 606, 607, 608, 609, 610, 611, 612, 614, 615, 616, 618, 619, 620, 621, 622, 623, 624, 625, 626], "excluded_lines": [], "start_line": 583, "executed_branches": [], "missing_branches": [[592, 593], [592, 618], [594, 595], [594, 596], [601, 602], [601, 606], [606, 607], [606, 614], [607, 608], [607, 609], [619, 620], [619, 623], [624, 625], [624, 626]]}, "init_config_if_missing": {"executed_lines": [], "summary": {"covered_lines": 0, "num_statements": 8, "percent_covered": 0.0, "percent_covered_display": "0", "missing_lines": 8, "excluded_lines": 0, "percent_statements_covered": 0.0, "percent_statements_covered_display": "0", "num_branches": 2, "num_partial_branches": 0, "covered_branches": 0, "missing_branches": 2, "percent_branches_covered": 0.0, "percent_branches_covered_display": "0"}, "missing_lines": [640, 641, 642, 643, 644, 645, 646, 647], "excluded_lines": [], "start_line": 634, "executed_branches": [], "missing_branches": [[641, 642], [641, 643]]}, "scan_config_path": {"executed_lines": [657, 658, 659, 660, 661, 662, 663], "summary": {"covered_lines": 7, "num_statements": 7, "percent_covered": 100.0, "percent_covered_display": "100", "missing_lines": 0, "excluded_lines": 0, "percent_statements_covered": 100.0, "percent_statements_covered_display": "100", "num_branches": 6, "num_partial_branches": 0, "covered_branches": 6, "missing_branches": 0, "percent_branches_covered": 100.0, "percent_branches_covered_display": "100"}, "missing_lines": [], "excluded_lines": [], "start_line": 650, "executed_branches": [[658, 659], [658, 663], [659, 660], [659, 661], [661, 658], [661, 662]], "missing_branches": []}, "": {"executed_lines": [31, 32, 33, 34, 35, 42, 48, 57, 73, 96, 100, 114, 128, 152, 177, 203, 256, 276, 312, 323, 340, 359, 406, 411, 423, 448, 503, 519, 566, 583, 634, 650], "summary": {"covered_lines": 32, "num_statements": 32, "percent_covered": 100.0, "percent_covered_display": "100", "missing_lines": 0, "excluded_lines": 0, "percent_statements_covered": 100.0, "percent_statements_covered_display": "100", "num_branches": 0, "num_partial_branches": 0, "covered_branches": 0, "missing_branches": 0, "percent_branches_covered": 100.0, "percent_branches_covered_display": "100"}, "missing_lines": [], "excluded_lines": [], "start_line": 1, "executed_branches": [], "missing_branches": []}}, "classes": {"": {"executed_lines": [31, 32, 33, 34, 35, 42, 44, 45, 48, 50, 57, 59, 73, 79, 80, 81, 82, 83, 84, 85, 86, 96, 97, 100, 101, 102, 103, 104, 105, 106, 107, 111, 114, 128, 152, 177, 186, 187, 188, 189, 190, 191, 192, 193, 195, 196, 203, 222, 224, 225, 227, 228, 230, 231, 232, 233, 234, 238, 239, 242, 243, 244, 245, 246, 256, 267, 276, 291, 292, 293, 296, 297, 299, 304, 305, 312, 314, 315, 316, 317, 318, 319, 320, 323, 325, 326, 327, 328, 329, 330, 331, 332, 333, 334, 335, 337, 340, 359, 376, 387, 388, 406, 408, 411, 423, 426, 427, 429, 430, 432, 433, 434, 437, 439, 441, 442, 443, 445, 448, 503, 519, 566, 583, 634, 650, 657, 658, 659, 660, 661, 662, 663], "summary": {"covered_lines": 132, "num_statements": 360, "percent_covered": 36.38059701492537, "percent_covered_display": "36", "missing_lines": 228, "excluded_lines": 0, "percent_statements_covered": 36.666666666666664, "percent_statements_covered_display": "37", "num_branches": 176, "num_partial_branches": 3, "covered_branches": 63, "missing_branches": 113, "percent_branches_covered": 35.79545454545455, "percent_branches_covered_display": "36"}, "missing_lines": [87, 88, 89, 90, 91, 92, 93, 117, 118, 119, 120, 121, 122, 123, 124, 125, 129, 130, 131, 132, 133, 134, 135, 139, 140, 142, 143, 144, 145, 146, 148, 149, 153, 154, 155, 156, 159, 160, 161, 162, 163, 164, 165, 166, 167, 169, 170, 247, 248, 252, 253, 342, 343, 344, 345, 346, 347, 348, 349, 350, 351, 352, 353, 354, 355, 356, 378, 379, 384, 385, 389, 390, 391, 392, 393, 394, 396, 413, 414, 415, 416, 453, 454, 455, 456, 458, 459, 460, 461, 462, 463, 465, 466, 467, 468, 470, 472, 473, 474, 475, 477, 478, 479, 480, 481, 482, 483, 484, 485, 487, 488, 489, 491, 492, 493, 494, 495, 496, 497, 498, 499, 500, 504, 505, 506, 507, 508, 509, 510, 511, 512, 513, 514, 515, 516, 523, 524, 525, 526, 528, 529, 530, 531, 532, 533, 534, 535, 536, 538, 539, 540, 541, 543, 544, 545, 546, 547, 548, 549, 551, 552, 553, 555, 556, 557, 558, 559, 560, 561, 562, 563, 567, 568, 569, 570, 571, 572, 573, 574, 575, 576, 577, 578, 579, 580, 587, 588, 589, 590, 592, 593, 594, 595, 596, 597, 598, 599, 601, 602, 603, 604, 606, 607, 608, 609, 610, 611, 612, 614, 615, 616, 618, 619, 620, 621, 622, 623, 624, 625, 626, 640, 641, 642, 643, 644, 645, 646, 647], "excluded_lines": [], "start_line": 1, "executed_branches": [[79, 80], [79, 81], [82, 83], [82, 84], [85, 86], [106, 107], [106, 111], [187, 188], [187, 196], [188, 189], [188, 195], [190, 187], [190, 191], [192, 190], [192, 193], [224, 225], [224, 227], [230, 231], [230, 242], [231, 232], [231, 233], [233, 234], [233, 238], [238, 239], [238, 242], [242, -203], [242, 243], [243, 244], [243, 245], [296, 297], [296, 299], [304, -276], [304, 305], [316, 317], [316, 318], [318, 319], [318, 320], [326, -323], [326, 327], [327, 328], [327, 329], [329, 330], [329, 337], [331, 326], [331, 332], [332, 331], [332, 333], [333, 334], [333, 335], [376, 387], [387, 388], [429, 430], [429, 445], [432, 433], [432, 439], [442, 429], [442, 443], [658, 659], [658, 663], [659, 660], [659, 661], [661, 658], [661, 662]], "missing_branches": [[85, 87], [87, 88], [87, 89], [89, 90], [89, 91], [91, 92], [91, 93], [121, 122], [121, 125], [122, 121], [122, 123], [143, 144], [143, 149], [144, 145], [144, 148], [145, 143], [145, 146], [161, 162], [161, 163], [164, 165], [164, 170], [165, 166], [165, 169], [166, 164], [166, 167], [252, 242], [252, 253], [376, 378], [379, 384], [379, 387], [384, 379], [384, 385], [387, 389], [389, 390], [389, 391], [391, 392], [391, 393], [393, 394], [393, 396], [413, 414], [413, 416], [458, 459], [458, 491], [460, 461], [460, 462], [465, 466], [465, 467], [467, 468], [467, 470], [472, 473], [472, 477], [477, 478], [477, 487], [478, 479], [478, 480], [492, 493], [492, 496], [496, 497], [496, 500], [504, 505], [504, 506], [506, 507], [506, 508], [508, 509], [508, 510], [510, 511], [510, 512], [512, 513], [512, 514], [514, 515], [514, 516], [528, 529], [528, 555], [530, 531], [530, 532], [538, 539], [538, 543], [543, 544], [543, 551], [544, 545], [544, 546], [556, 557], [556, 560], [561, 562], [561, 563], [567, 568], [567, 569], [569, 570], [569, 571], [571, 572], [571, 573], [573, 574], [573, 575], [576, 577], [576, 578], [578, 579], [578, 580], [592, 593], [592, 618], [594, 595], [594, 596], [601, 602], [601, 606], [606, 607], [606, 614], [607, 608], [607, 609], [619, 620], [619, 623], [624, 625], [624, 626], [641, 642], [641, 643]]}}}, "fargv/demo.py": {"executed_lines": [19, 25, 26, 27, 28, 29, 30, 33, 41, 43, 44, 45, 46, 47, 50, 57, 58, 59, 60, 61, 62, 68, 76, 77, 78, 84], "summary": {"covered_lines": 26, "num_statements": 32, "percent_covered": 68.75, "percent_covered_display": "69", "missing_lines": 6, "excluded_lines": 0, "percent_statements_covered": 81.25, "percent_statements_covered_display": "81", "num_branches": 16, "num_partial_branches": 3, "covered_branches": 7, "missing_branches": 9, "percent_branches_covered": 43.75, "percent_branches_covered_display": "44"}, "missing_lines": [42, 79, 80, 81, 82, 83], "excluded_lines": [], "executed_branches": [[27, 28], [27, 30], [41, 43], [44, 45], [44, 47], [57, 58], [78, 84]], "missing_branches": [[41, 42], [57, 59], [78, 79], [79, 80], [79, 83], [80, 81], [80, 83], [81, 82], [81, 83]], "functions": {"fibonacci": {"executed_lines": [25, 26, 27, 28, 29, 30], "summary": {"covered_lines": 6, "num_statements": 6, "percent_covered": 100.0, "percent_covered_display": "100", "missing_lines": 0, "excluded_lines": 0, "percent_statements_covered": 100.0, "percent_statements_covered_display": "100", "num_branches": 2, "num_partial_branches": 0, "covered_branches": 2, "missing_branches": 0, "percent_branches_covered": 100.0, "percent_branches_covered_display": "100"}, "missing_lines": [], "excluded_lines": [], "start_line": 19, "executed_branches": [[27, 28], [27, 30]], "missing_branches": []}, "collatz": {"executed_lines": [41, 43, 44, 45, 46, 47], "summary": {"covered_lines": 6, "num_statements": 7, "percent_covered": 81.81818181818181, "percent_covered_display": "82", "missing_lines": 1, "excluded_lines": 0, "percent_statements_covered": 85.71428571428571, "percent_statements_covered_display": "86", "num_branches": 4, "num_partial_branches": 1, "covered_branches": 3, "missing_branches": 1, "percent_branches_covered": 75.0, "percent_branches_covered_display": "75"}, "missing_lines": [42], "excluded_lines": [], "start_line": 33, "executed_branches": [[41, 43], [44, 45], [44, 47]], "missing_branches": [[41, 42]]}, "text_stats": {"executed_lines": [57, 58, 59, 60, 61, 62], "summary": {"covered_lines": 6, "num_statements": 6, "percent_covered": 87.5, "percent_covered_display": "88", "missing_lines": 0, "excluded_lines": 0, "percent_statements_covered": 100.0, "percent_statements_covered_display": "100", "num_branches": 2, "num_partial_branches": 1, "covered_branches": 1, "missing_branches": 1, "percent_branches_covered": 50.0, "percent_branches_covered_display": "50"}, "missing_lines": [], "excluded_lines": [], "start_line": 50, "executed_branches": [[57, 58]], "missing_branches": [[57, 59]]}, "bmi": {"executed_lines": [76, 77, 78, 84], "summary": {"covered_lines": 4, "num_statements": 9, "percent_covered": 29.41176470588235, "percent_covered_display": "29", "missing_lines": 5, "excluded_lines": 0, "percent_statements_covered": 44.44444444444444, "percent_statements_covered_display": "44", "num_branches": 8, "num_partial_branches": 1, "covered_branches": 1, "missing_branches": 7, "percent_branches_covered": 12.5, "percent_branches_covered_display": "12"}, "missing_lines": [79, 80, 81, 82, 83], "excluded_lines": [], "start_line": 68, "executed_branches": [[78, 84]], "missing_branches": [[78, 79], [79, 80], [79, 83], [80, 81], [80, 83], [81, 82], [81, 83]]}, "": {"executed_lines": [19, 33, 50, 68], "summary": {"covered_lines": 4, "num_statements": 4, "percent_covered": 100.0, "percent_covered_display": "100", "missing_lines": 0, "excluded_lines": 0, "percent_statements_covered": 100.0, "percent_statements_covered_display": "100", "num_branches": 0, "num_partial_branches": 0, "covered_branches": 0, "missing_branches": 0, "percent_branches_covered": 100.0, "percent_branches_covered_display": "100"}, "missing_lines": [], "excluded_lines": [], "start_line": 1, "executed_branches": [], "missing_branches": []}}, "classes": {"": {"executed_lines": [19, 25, 26, 27, 28, 29, 30, 33, 41, 43, 44, 45, 46, 47, 50, 57, 58, 59, 60, 61, 62, 68, 76, 77, 78, 84], "summary": {"covered_lines": 26, "num_statements": 32, "percent_covered": 68.75, "percent_covered_display": "69", "missing_lines": 6, "excluded_lines": 0, "percent_statements_covered": 81.25, "percent_statements_covered_display": "81", "num_branches": 16, "num_partial_branches": 3, "covered_branches": 7, "missing_branches": 9, "percent_branches_covered": 43.75, "percent_branches_covered_display": "44"}, "missing_lines": [42, 79, 80, 81, 82, 83], "excluded_lines": [], "start_line": 1, "executed_branches": [[27, 28], [27, 30], [41, 43], [44, 45], [44, 47], [57, 58], [78, 84]], "missing_branches": [[41, 42], [57, 59], [78, 79], [79, 80], [79, 83], [80, 81], [80, 83], [81, 82], [81, 83]]}}}, "fargv/fargv_legacy.py": {"executed_lines": [15, 16, 17, 18, 19, 20, 21, 22, 23, 24, 27, 30, 36, 37, 38, 39, 40, 41, 43, 46, 53, 54, 55, 56, 59, 70, 71, 72, 73, 75, 78, 85, 86, 87, 88, 106, 109, 136, 165, 166, 167, 168, 171, 172, 173, 174, 176, 177, 178, 179, 181, 182, 184, 193, 194, 195, 196, 199, 201, 202, 208, 209, 211, 212, 214, 215, 216, 217, 219, 221, 222, 225, 226, 227, 228, 229, 230, 231, 232, 233, 235, 236, 237, 238, 239, 241, 244, 245, 246, 247, 248, 249, 250, 251, 252, 253, 254, 255, 256, 258, 259, 260, 261, 262, 264, 265, 268, 269, 270, 272, 274, 275, 277, 278, 280, 290, 291, 292, 294, 296, 297, 299, 304, 305, 306, 307, 308, 309, 310, 312, 313, 315, 316, 317, 318, 319, 320, 322, 323, 324, 325, 326, 329, 330, 331, 335, 336, 337, 338, 339, 340, 343], "summary": {"covered_lines": 152, "num_statements": 164, "percent_covered": 93.12977099236642, "percent_covered_display": "93", "missing_lines": 12, "excluded_lines": 2, "percent_statements_covered": 92.6829268292683, "percent_statements_covered_display": "93", "num_branches": 98, "num_partial_branches": 4, "covered_branches": 92, "missing_branches": 6, "percent_branches_covered": 93.87755102040816, "percent_branches_covered_display": "94"}, "missing_lines": [133, 169, 170, 197, 282, 283, 284, 285, 286, 287, 332, 333], "excluded_lines": [281, 342], "executed_branches": [[36, 37], [36, 38], [38, 39], [38, 40], [40, 41], [40, 43], [53, 54], [53, 56], [54, 53], [54, 55], [70, 71], [70, 75], [165, 166], [171, 172], [171, 173], [173, 174], [173, 176], [176, 177], [176, 182], [178, 179], [178, 181], [193, 194], [193, 201], [194, 195], [194, 201], [195, 194], [195, 196], [196, 199], [208, 209], [208, 216], [209, 211], [209, 214], [221, 222], [221, 225], [225, 226], [225, 241], [227, 225], [227, 228], [230, 231], [230, 232], [232, 233], [232, 235], [244, 245], [244, 264], [245, 244], [245, 246], [247, 248], [247, 250], [251, 252], [251, 258], [253, 244], [253, 254], [254, 244], [254, 255], [258, 259], [258, 260], [260, 261], [264, 265], [264, 268], [268, 269], [268, 272], [269, 268], [269, 270], [274, 275], [274, 277], [290, 291], [290, 294], [291, 290], [291, 292], [296, 297], [296, 299], [306, 307], [306, 312], [308, 306], [308, 309], [309, 308], [309, 310], [312, 313], [312, 315], [315, 316], [315, 318], [318, 319], [318, 322], [329, 330], [329, 335], [330, 329], [330, 331], [331, 329], [335, 336], [335, 337], [337, 338], [337, 339]], "missing_branches": [[165, 173], [196, 197], [260, 244], [282, 283], [282, 284], [331, 332]], "functions": {"fargv2dict": {"executed_lines": [36, 37, 38, 39, 40, 41, 43], "summary": {"covered_lines": 7, "num_statements": 7, "percent_covered": 100.0, "percent_covered_display": "100", "missing_lines": 0, "excluded_lines": 0, "percent_statements_covered": 100.0, "percent_statements_covered_display": "100", "num_branches": 6, "num_partial_branches": 0, "covered_branches": 6, "missing_branches": 0, "percent_branches_covered": 100.0, "percent_branches_covered_display": "100"}, "missing_lines": [], "excluded_lines": [], "start_line": 30, "executed_branches": [[36, 37], [36, 38], [38, 39], [38, 40], [40, 41], [40, 43]], "missing_branches": []}, "can_override": {"executed_lines": [53, 54, 55, 56], "summary": {"covered_lines": 4, "num_statements": 4, "percent_covered": 100.0, "percent_covered_display": "100", "missing_lines": 0, "excluded_lines": 0, "percent_statements_covered": 100.0, "percent_statements_covered_display": "100", "num_branches": 4, "num_partial_branches": 0, "covered_branches": 4, "missing_branches": 0, "percent_branches_covered": 100.0, "percent_branches_covered_display": "100"}, "missing_lines": [], "excluded_lines": [], "start_line": 46, "executed_branches": [[53, 54], [53, 56], [54, 53], [54, 55]], "missing_branches": []}, "override": {"executed_lines": [70, 71, 72, 73, 75], "summary": {"covered_lines": 5, "num_statements": 5, "percent_covered": 100.0, "percent_covered_display": "100", "missing_lines": 0, "excluded_lines": 0, "percent_statements_covered": 100.0, "percent_statements_covered_display": "100", "num_branches": 2, "num_partial_branches": 0, "covered_branches": 2, "missing_branches": 0, "percent_branches_covered": 100.0, "percent_branches_covered_display": "100"}, "missing_lines": [], "excluded_lines": [], "start_line": 59, "executed_branches": [[70, 71], [70, 75]], "missing_branches": []}, "generate_bash_autocomplete": {"executed_lines": [85, 86, 87, 88, 106], "summary": {"covered_lines": 5, "num_statements": 5, "percent_covered": 100.0, "percent_covered_display": "100", "missing_lines": 0, "excluded_lines": 0, "percent_statements_covered": 100.0, "percent_statements_covered_display": "100", "num_branches": 0, "num_partial_branches": 0, "covered_branches": 0, "missing_branches": 0, "percent_branches_covered": 100.0, "percent_branches_covered_display": "100"}, "missing_lines": [], "excluded_lines": [], "start_line": 78, "executed_branches": [], "missing_branches": []}, "fargv_dict": {"executed_lines": [], "summary": {"covered_lines": 0, "num_statements": 1, "percent_covered": 0.0, "percent_covered_display": "0", "missing_lines": 1, "excluded_lines": 0, "percent_statements_covered": 0.0, "percent_statements_covered_display": "0", "num_branches": 0, "num_partial_branches": 0, "covered_branches": 0, "missing_branches": 0, "percent_branches_covered": 100.0, "percent_branches_covered_display": "100"}, "missing_lines": [133], "excluded_lines": [], "start_line": 109, "executed_branches": [], "missing_branches": []}, "fargv": {"executed_lines": [165, 166, 167, 168, 171, 172, 173, 174, 176, 177, 178, 179, 181, 182, 184, 193, 194, 195, 196, 199, 201, 202, 208, 209, 211, 212, 214, 215, 216, 217, 219, 221, 222, 225, 226, 227, 228, 229, 230, 231, 232, 233, 235, 236, 237, 238, 239, 241, 244, 245, 246, 247, 248, 249, 250, 251, 252, 253, 254, 255, 256, 258, 259, 260, 261, 262, 264, 265, 268, 269, 270, 272, 274, 275, 277, 278, 280, 290, 291, 292, 294, 296, 297, 299, 304, 305, 306, 307, 308, 309, 310, 312, 313, 315, 316, 317, 318, 319, 320, 322, 323, 324, 325, 326, 329, 330, 331, 335, 336, 337, 338, 339, 340, 343], "summary": {"covered_lines": 114, "num_statements": 125, "percent_covered": 91.94312796208531, "percent_covered_display": "92", "missing_lines": 11, "excluded_lines": 2, "percent_statements_covered": 91.2, "percent_statements_covered_display": "91", "num_branches": 86, "num_partial_branches": 4, "covered_branches": 80, "missing_branches": 6, "percent_branches_covered": 93.02325581395348, "percent_branches_covered_display": "93"}, "missing_lines": [169, 170, 197, 282, 283, 284, 285, 286, 287, 332, 333], "excluded_lines": [281, 342], "start_line": 136, "executed_branches": [[165, 166], [171, 172], [171, 173], [173, 174], [173, 176], [176, 177], [176, 182], [178, 179], [178, 181], [193, 194], [193, 201], [194, 195], [194, 201], [195, 194], [195, 196], [196, 199], [208, 209], [208, 216], [209, 211], [209, 214], [221, 222], [221, 225], [225, 226], [225, 241], [227, 225], [227, 228], [230, 231], [230, 232], [232, 233], [232, 235], [244, 245], [244, 264], [245, 244], [245, 246], [247, 248], [247, 250], [251, 252], [251, 258], [253, 244], [253, 254], [254, 244], [254, 255], [258, 259], [258, 260], [260, 261], [264, 265], [264, 268], [268, 269], [268, 272], [269, 268], [269, 270], [274, 275], [274, 277], [290, 291], [290, 294], [291, 290], [291, 292], [296, 297], [296, 299], [306, 307], [306, 312], [308, 306], [308, 309], [309, 308], [309, 310], [312, 313], [312, 315], [315, 316], [315, 318], [318, 319], [318, 322], [329, 330], [329, 335], [330, 329], [330, 331], [331, 329], [335, 336], [335, 337], [337, 338], [337, 339]], "missing_branches": [[165, 173], [196, 197], [260, 244], [282, 283], [282, 284], [331, 332]]}, "": {"executed_lines": [15, 16, 17, 18, 19, 20, 21, 22, 23, 24, 27, 30, 46, 59, 78, 109, 136], "summary": {"covered_lines": 17, "num_statements": 17, "percent_covered": 100.0, "percent_covered_display": "100", "missing_lines": 0, "excluded_lines": 0, "percent_statements_covered": 100.0, "percent_statements_covered_display": "100", "num_branches": 0, "num_partial_branches": 0, "covered_branches": 0, "missing_branches": 0, "percent_branches_covered": 100.0, "percent_branches_covered_display": "100"}, "missing_lines": [], "excluded_lines": [], "start_line": 1, "executed_branches": [], "missing_branches": []}}, "classes": {"": {"executed_lines": [15, 16, 17, 18, 19, 20, 21, 22, 23, 24, 27, 30, 36, 37, 38, 39, 40, 41, 43, 46, 53, 54, 55, 56, 59, 70, 71, 72, 73, 75, 78, 85, 86, 87, 88, 106, 109, 136, 165, 166, 167, 168, 171, 172, 173, 174, 176, 177, 178, 179, 181, 182, 184, 193, 194, 195, 196, 199, 201, 202, 208, 209, 211, 212, 214, 215, 216, 217, 219, 221, 222, 225, 226, 227, 228, 229, 230, 231, 232, 233, 235, 236, 237, 238, 239, 241, 244, 245, 246, 247, 248, 249, 250, 251, 252, 253, 254, 255, 256, 258, 259, 260, 261, 262, 264, 265, 268, 269, 270, 272, 274, 275, 277, 278, 280, 290, 291, 292, 294, 296, 297, 299, 304, 305, 306, 307, 308, 309, 310, 312, 313, 315, 316, 317, 318, 319, 320, 322, 323, 324, 325, 326, 329, 330, 331, 335, 336, 337, 338, 339, 340, 343], "summary": {"covered_lines": 152, "num_statements": 164, "percent_covered": 93.12977099236642, "percent_covered_display": "93", "missing_lines": 12, "excluded_lines": 2, "percent_statements_covered": 92.6829268292683, "percent_statements_covered_display": "93", "num_branches": 98, "num_partial_branches": 4, "covered_branches": 92, "missing_branches": 6, "percent_branches_covered": 93.87755102040816, "percent_branches_covered_display": "94"}, "missing_lines": [133, 169, 170, 197, 282, 283, 284, 285, 286, 287, 332, 333], "excluded_lines": [281, 342], "start_line": 1, "executed_branches": [[36, 37], [36, 38], [38, 39], [38, 40], [40, 41], [40, 43], [53, 54], [53, 56], [54, 53], [54, 55], [70, 71], [70, 75], [165, 166], [171, 172], [171, 173], [173, 174], [173, 176], [176, 177], [176, 182], [178, 179], [178, 181], [193, 194], [193, 201], [194, 195], [194, 201], [195, 194], [195, 196], [196, 199], [208, 209], [208, 216], [209, 211], [209, 214], [221, 222], [221, 225], [225, 226], [225, 241], [227, 225], [227, 228], [230, 231], [230, 232], [232, 233], [232, 235], [244, 245], [244, 264], [245, 244], [245, 246], [247, 248], [247, 250], [251, 252], [251, 258], [253, 244], [253, 254], [254, 244], [254, 255], [258, 259], [258, 260], [260, 261], [264, 265], [264, 268], [268, 269], [268, 272], [269, 268], [269, 270], [274, 275], [274, 277], [290, 291], [290, 294], [291, 290], [291, 292], [296, 297], [296, 299], [306, 307], [306, 312], [308, 306], [308, 309], [309, 308], [309, 310], [312, 313], [312, 315], [315, 316], [315, 318], [318, 319], [318, 322], [329, 330], [329, 335], [330, 329], [330, 331], [331, 329], [335, 336], [335, 337], [337, 338], [337, 339]], "missing_branches": [[165, 173], [196, 197], [260, 244], [282, 283], [282, 284], [331, 332]]}}}, "fargv/global_guessing.py": {"executed_lines": [6, 7, 8, 11, 26, 27, 28, 31, 32, 33, 34, 36, 37, 38, 39, 59, 61, 62, 63, 64, 67, 71, 72, 73, 74, 75, 76], "summary": {"covered_lines": 27, "num_statements": 42, "percent_covered": 58.064516129032256, "percent_covered_display": "58", "missing_lines": 15, "excluded_lines": 2, "percent_statements_covered": 64.28571428571429, "percent_statements_covered_display": "64", "num_branches": 20, "num_partial_branches": 1, "covered_branches": 9, "missing_branches": 11, "percent_branches_covered": 45.0, "percent_branches_covered_display": "45"}, "missing_lines": [42, 43, 44, 45, 46, 47, 48, 49, 50, 51, 52, 54, 56, 68, 69], "excluded_lines": [41, 65], "executed_branches": [[27, 28], [27, 31], [34, 36], [34, 37], [62, 63], [62, 67], [67, 71], [74, 75], [74, 76]], "missing_branches": [[43, 44], [43, 47], [44, 45], [44, 46], [47, 48], [47, 49], [49, 50], [49, 54], [51, 52], [51, 54], [67, 68]], "functions": {"guess_program_name": {"executed_lines": [26, 27, 28, 31, 32, 33, 34, 36, 37, 38, 39], "summary": {"covered_lines": 11, "num_statements": 24, "percent_covered": 39.473684210526315, "percent_covered_display": "39", "missing_lines": 13, "excluded_lines": 1, "percent_statements_covered": 45.833333333333336, "percent_statements_covered_display": "46", "num_branches": 14, "num_partial_branches": 0, "covered_branches": 4, "missing_branches": 10, "percent_branches_covered": 28.571428571428573, "percent_branches_covered_display": "29"}, "missing_lines": [42, 43, 44, 45, 46, 47, 48, 49, 50, 51, 52, 54, 56], "excluded_lines": [41], "start_line": 11, "executed_branches": [[27, 28], [27, 31], [34, 36], [34, 37]], "missing_branches": [[43, 44], [43, 47], [44, 45], [44, 46], [47, 48], [47, 49], [49, 50], [49, 54], [51, 52], [51, 54]]}, "guess_global_docstring": {"executed_lines": [61, 62, 63, 64, 67, 71, 72, 73, 74, 75, 76], "summary": {"covered_lines": 11, "num_statements": 13, "percent_covered": 84.21052631578948, "percent_covered_display": "84", "missing_lines": 2, "excluded_lines": 1, "percent_statements_covered": 84.61538461538461, "percent_statements_covered_display": "85", "num_branches": 6, "num_partial_branches": 1, "covered_branches": 5, "missing_branches": 1, "percent_branches_covered": 83.33333333333333, "percent_branches_covered_display": "83"}, "missing_lines": [68, 69], "excluded_lines": [65], "start_line": 59, "executed_branches": [[62, 63], [62, 67], [67, 71], [74, 75], [74, 76]], "missing_branches": [[67, 68]]}, "": {"executed_lines": [6, 7, 8, 11, 59], "summary": {"covered_lines": 5, "num_statements": 5, "percent_covered": 100.0, "percent_covered_display": "100", "missing_lines": 0, "excluded_lines": 0, "percent_statements_covered": 100.0, "percent_statements_covered_display": "100", "num_branches": 0, "num_partial_branches": 0, "covered_branches": 0, "missing_branches": 0, "percent_branches_covered": 100.0, "percent_branches_covered_display": "100"}, "missing_lines": [], "excluded_lines": [], "start_line": 1, "executed_branches": [], "missing_branches": []}}, "classes": {"": {"executed_lines": [6, 7, 8, 11, 26, 27, 28, 31, 32, 33, 34, 36, 37, 38, 39, 59, 61, 62, 63, 64, 67, 71, 72, 73, 74, 75, 76], "summary": {"covered_lines": 27, "num_statements": 42, "percent_covered": 58.064516129032256, "percent_covered_display": "58", "missing_lines": 15, "excluded_lines": 2, "percent_statements_covered": 64.28571428571429, "percent_statements_covered_display": "64", "num_branches": 20, "num_partial_branches": 1, "covered_branches": 9, "missing_branches": 11, "percent_branches_covered": 45.0, "percent_branches_covered_display": "45"}, "missing_lines": [42, 43, 44, 45, 46, 47, 48, 49, 50, 51, 52, 54, 56, 68, 69], "excluded_lines": [41, 65], "start_line": 1, "executed_branches": [[27, 28], [27, 31], [34, 36], [34, 37], [62, 63], [62, 67], [67, 71], [74, 75], [74, 76]], "missing_branches": [[43, 44], [43, 47], [44, 45], [44, 46], [47, 48], [47, 49], [49, 50], [49, 54], [51, 52], [51, 54], [67, 68]]}}}, "fargv/namespace.py": {"executed_lines": [12, 13, 14, 15, 20, 23, 24, 30, 31, 41, 58, 60, 61, 62, 66, 67, 68, 69, 70, 71, 74, 75, 76, 77, 78, 79, 81, 82, 84, 85, 86, 87, 91, 98, 99, 100, 101, 103, 105, 106, 110, 112, 113, 118, 131, 132, 134, 135, 136, 137, 138, 139, 140, 141, 142, 143, 144, 145, 146, 149, 153, 155, 156, 162, 177, 180, 186], "summary": {"covered_lines": 67, "num_statements": 77, "percent_covered": 85.71428571428571, "percent_covered_display": "86", "missing_lines": 10, "excluded_lines": 0, "percent_statements_covered": 87.01298701298701, "percent_statements_covered_display": "87", "num_branches": 14, "num_partial_branches": 1, "covered_branches": 11, "missing_branches": 3, "percent_branches_covered": 78.57142857142857, "percent_branches_covered_display": "79"}, "missing_lines": [150, 151, 158, 159, 178, 181, 182, 183, 184, 190], "excluded_lines": [], "executed_branches": [[76, 77], [76, 78], [105, -103], [105, 106], [135, 136], [135, 137], [141, 142], [141, 143], [144, -134], [144, 145], [145, 146]], "missing_branches": [[145, 144], [182, 183], [182, 184]], "functions": {"FargvBackend.attach": {"executed_lines": [], "summary": {"covered_lines": 0, "num_statements": 0, "percent_covered": 100.0, "percent_covered_display": "100", "missing_lines": 0, "excluded_lines": 0, "percent_statements_covered": 100.0, "percent_statements_covered_display": "100", "num_branches": 0, "num_partial_branches": 0, "covered_branches": 0, "missing_branches": 0, "percent_branches_covered": 100.0, "percent_branches_covered_display": "100"}, "missing_lines": [], "excluded_lines": [], "start_line": 24, "executed_branches": [], "missing_branches": []}, "FargvBackend.on_param_changed": {"executed_lines": [], "summary": {"covered_lines": 0, "num_statements": 0, "percent_covered": 100.0, "percent_covered_display": "100", "missing_lines": 0, "excluded_lines": 0, "percent_statements_covered": 100.0, "percent_statements_covered_display": "100", "num_branches": 0, "num_partial_branches": 0, "covered_branches": 0, "missing_branches": 0, "percent_branches_covered": 100.0, "percent_branches_covered_display": "100"}, "missing_lines": [], "excluded_lines": [], "start_line": 31, "executed_branches": [], "missing_branches": []}, "FargvNamespace.__init__": {"executed_lines": [61, 62], "summary": {"covered_lines": 2, "num_statements": 2, "percent_covered": 100.0, "percent_covered_display": "100", "missing_lines": 0, "excluded_lines": 0, "percent_statements_covered": 100.0, "percent_statements_covered_display": "100", "num_branches": 0, "num_partial_branches": 0, "covered_branches": 0, "missing_branches": 0, "percent_branches_covered": 100.0, "percent_branches_covered_display": "100"}, "missing_lines": [], "excluded_lines": [], "start_line": 60, "executed_branches": [], "missing_branches": []}, "FargvNamespace.__getattr__": {"executed_lines": [67, 68, 69, 70, 71], "summary": {"covered_lines": 5, "num_statements": 5, "percent_covered": 100.0, "percent_covered_display": "100", "missing_lines": 0, "excluded_lines": 0, "percent_statements_covered": 100.0, "percent_statements_covered_display": "100", "num_branches": 0, "num_partial_branches": 0, "covered_branches": 0, "missing_branches": 0, "percent_branches_covered": 100.0, "percent_branches_covered_display": "100"}, "missing_lines": [], "excluded_lines": [], "start_line": 66, "executed_branches": [], "missing_branches": []}, "FargvNamespace.__setattr__": {"executed_lines": [75, 76, 77, 78, 79], "summary": {"covered_lines": 5, "num_statements": 5, "percent_covered": 100.0, "percent_covered_display": "100", "missing_lines": 0, "excluded_lines": 0, "percent_statements_covered": 100.0, "percent_statements_covered_display": "100", "num_branches": 2, "num_partial_branches": 0, "covered_branches": 2, "missing_branches": 0, "percent_branches_covered": 100.0, "percent_branches_covered_display": "100"}, "missing_lines": [], "excluded_lines": [], "start_line": 74, "executed_branches": [[76, 77], [76, 78]], "missing_branches": []}, "FargvNamespace.__dir__": {"executed_lines": [82], "summary": {"covered_lines": 1, "num_statements": 1, "percent_covered": 100.0, "percent_covered_display": "100", "missing_lines": 0, "excluded_lines": 0, "percent_statements_covered": 100.0, "percent_statements_covered_display": "100", "num_branches": 0, "num_partial_branches": 0, "covered_branches": 0, "missing_branches": 0, "percent_branches_covered": 100.0, "percent_branches_covered_display": "100"}, "missing_lines": [], "excluded_lines": [], "start_line": 81, "executed_branches": [], "missing_branches": []}, "FargvNamespace.__repr__": {"executed_lines": [85, 86, 87], "summary": {"covered_lines": 3, "num_statements": 3, "percent_covered": 100.0, "percent_covered_display": "100", "missing_lines": 0, "excluded_lines": 0, "percent_statements_covered": 100.0, "percent_statements_covered_display": "100", "num_branches": 0, "num_partial_branches": 0, "covered_branches": 0, "missing_branches": 0, "percent_branches_covered": 100.0, "percent_branches_covered_display": "100"}, "missing_lines": [], "excluded_lines": [], "start_line": 84, "executed_branches": [], "missing_branches": []}, "FargvNamespace.link": {"executed_lines": [98, 99, 100, 101], "summary": {"covered_lines": 4, "num_statements": 4, "percent_covered": 100.0, "percent_covered_display": "100", "missing_lines": 0, "excluded_lines": 0, "percent_statements_covered": 100.0, "percent_statements_covered_display": "100", "num_branches": 0, "num_partial_branches": 0, "covered_branches": 0, "missing_branches": 0, "percent_branches_covered": 100.0, "percent_branches_covered_display": "100"}, "missing_lines": [], "excluded_lines": [], "start_line": 91, "executed_branches": [], "missing_branches": []}, "FargvNamespace._notify": {"executed_lines": [105, 106], "summary": {"covered_lines": 2, "num_statements": 2, "percent_covered": 100.0, "percent_covered_display": "100", "missing_lines": 0, "excluded_lines": 0, "percent_statements_covered": 100.0, "percent_statements_covered_display": "100", "num_branches": 2, "num_partial_branches": 0, "covered_branches": 2, "missing_branches": 0, "percent_branches_covered": 100.0, "percent_branches_covered_display": "100"}, "missing_lines": [], "excluded_lines": [], "start_line": 103, "executed_branches": [[105, -103], [105, 106]], "missing_branches": []}, "FargvNamespace.as_dict": {"executed_lines": [112, 113], "summary": {"covered_lines": 2, "num_statements": 2, "percent_covered": 100.0, "percent_covered_display": "100", "missing_lines": 0, "excluded_lines": 0, "percent_statements_covered": 100.0, "percent_statements_covered_display": "100", "num_branches": 0, "num_partial_branches": 0, "covered_branches": 0, "missing_branches": 0, "percent_branches_covered": 100.0, "percent_branches_covered_display": "100"}, "missing_lines": [], "excluded_lines": [], "start_line": 110, "executed_branches": [], "missing_branches": []}, "FargvConfigBackend.__init__": {"executed_lines": [132], "summary": {"covered_lines": 1, "num_statements": 1, "percent_covered": 100.0, "percent_covered_display": "100", "missing_lines": 0, "excluded_lines": 0, "percent_statements_covered": 100.0, "percent_statements_covered_display": "100", "num_branches": 0, "num_partial_branches": 0, "covered_branches": 0, "missing_branches": 0, "percent_branches_covered": 100.0, "percent_branches_covered_display": "100"}, "missing_lines": [], "excluded_lines": [], "start_line": 131, "executed_branches": [], "missing_branches": []}, "FargvConfigBackend.attach": {"executed_lines": [135, 136, 137, 138, 139, 140, 141, 142, 143, 144, 145, 146, 149], "summary": {"covered_lines": 13, "num_statements": 15, "percent_covered": 86.95652173913044, "percent_covered_display": "87", "missing_lines": 2, "excluded_lines": 0, "percent_statements_covered": 86.66666666666667, "percent_statements_covered_display": "87", "num_branches": 8, "num_partial_branches": 1, "covered_branches": 7, "missing_branches": 1, "percent_branches_covered": 87.5, "percent_branches_covered_display": "88"}, "missing_lines": [150, 151], "excluded_lines": [], "start_line": 134, "executed_branches": [[135, 136], [135, 137], [141, 142], [141, 143], [144, -134], [144, 145], [145, 146]], "missing_branches": [[145, 144]]}, "FargvConfigBackend.on_param_changed": {"executed_lines": [155, 156], "summary": {"covered_lines": 2, "num_statements": 4, "percent_covered": 50.0, "percent_covered_display": "50", "missing_lines": 2, "excluded_lines": 0, "percent_statements_covered": 50.0, "percent_statements_covered_display": "50", "num_branches": 0, "num_partial_branches": 0, "covered_branches": 0, "missing_branches": 0, "percent_branches_covered": 100.0, "percent_branches_covered_display": "100"}, "missing_lines": [158, 159], "excluded_lines": [], "start_line": 153, "executed_branches": [], "missing_branches": []}, "FargvTkBackend.__init__": {"executed_lines": [], "summary": {"covered_lines": 0, "num_statements": 1, "percent_covered": 0.0, "percent_covered_display": "0", "missing_lines": 1, "excluded_lines": 0, "percent_statements_covered": 0.0, "percent_statements_covered_display": "0", "num_branches": 0, "num_partial_branches": 0, "covered_branches": 0, "missing_branches": 0, "percent_branches_covered": 100.0, "percent_branches_covered_display": "100"}, "missing_lines": [178], "excluded_lines": [], "start_line": 177, "executed_branches": [], "missing_branches": []}, "FargvTkBackend.attach": {"executed_lines": [], "summary": {"covered_lines": 0, "num_statements": 4, "percent_covered": 0.0, "percent_covered_display": "0", "missing_lines": 4, "excluded_lines": 0, "percent_statements_covered": 0.0, "percent_statements_covered_display": "0", "num_branches": 2, "num_partial_branches": 0, "covered_branches": 0, "missing_branches": 2, "percent_branches_covered": 0.0, "percent_branches_covered_display": "0"}, "missing_lines": [181, 182, 183, 184], "excluded_lines": [], "start_line": 180, "executed_branches": [], "missing_branches": [[182, 183], [182, 184]]}, "FargvTkBackend.on_param_changed": {"executed_lines": [], "summary": {"covered_lines": 0, "num_statements": 1, "percent_covered": 0.0, "percent_covered_display": "0", "missing_lines": 1, "excluded_lines": 0, "percent_statements_covered": 0.0, "percent_statements_covered_display": "0", "num_branches": 0, "num_partial_branches": 0, "covered_branches": 0, "missing_branches": 0, "percent_branches_covered": 100.0, "percent_branches_covered_display": "100"}, "missing_lines": [190], "excluded_lines": [], "start_line": 186, "executed_branches": [], "missing_branches": []}, "": {"executed_lines": [12, 13, 14, 15, 20, 23, 24, 30, 31, 41, 58, 60, 66, 74, 81, 84, 91, 103, 110, 118, 131, 134, 153, 162, 177, 180, 186], "summary": {"covered_lines": 27, "num_statements": 27, "percent_covered": 100.0, "percent_covered_display": "100", "missing_lines": 0, "excluded_lines": 0, "percent_statements_covered": 100.0, "percent_statements_covered_display": "100", "num_branches": 0, "num_partial_branches": 0, "covered_branches": 0, "missing_branches": 0, "percent_branches_covered": 100.0, "percent_branches_covered_display": "100"}, "missing_lines": [], "excluded_lines": [], "start_line": 1, "executed_branches": [], "missing_branches": []}}, "classes": {"FargvBackend": {"executed_lines": [], "summary": {"covered_lines": 0, "num_statements": 0, "percent_covered": 100.0, "percent_covered_display": "100", "missing_lines": 0, "excluded_lines": 0, "percent_statements_covered": 100.0, "percent_statements_covered_display": "100", "num_branches": 0, "num_partial_branches": 0, "covered_branches": 0, "missing_branches": 0, "percent_branches_covered": 100.0, "percent_branches_covered_display": "100"}, "missing_lines": [], "excluded_lines": [], "start_line": 20, "executed_branches": [], "missing_branches": []}, "FargvNamespace": {"executed_lines": [61, 62, 67, 68, 69, 70, 71, 75, 76, 77, 78, 79, 82, 85, 86, 87, 98, 99, 100, 101, 105, 106, 112, 113], "summary": {"covered_lines": 24, "num_statements": 24, "percent_covered": 100.0, "percent_covered_display": "100", "missing_lines": 0, "excluded_lines": 0, "percent_statements_covered": 100.0, "percent_statements_covered_display": "100", "num_branches": 4, "num_partial_branches": 0, "covered_branches": 4, "missing_branches": 0, "percent_branches_covered": 100.0, "percent_branches_covered_display": "100"}, "missing_lines": [], "excluded_lines": [], "start_line": 41, "executed_branches": [[76, 77], [76, 78], [105, -103], [105, 106]], "missing_branches": []}, "FargvConfigBackend": {"executed_lines": [132, 135, 136, 137, 138, 139, 140, 141, 142, 143, 144, 145, 146, 149, 155, 156], "summary": {"covered_lines": 16, "num_statements": 20, "percent_covered": 82.14285714285714, "percent_covered_display": "82", "missing_lines": 4, "excluded_lines": 0, "percent_statements_covered": 80.0, "percent_statements_covered_display": "80", "num_branches": 8, "num_partial_branches": 1, "covered_branches": 7, "missing_branches": 1, "percent_branches_covered": 87.5, "percent_branches_covered_display": "88"}, "missing_lines": [150, 151, 158, 159], "excluded_lines": [], "start_line": 118, "executed_branches": [[135, 136], [135, 137], [141, 142], [141, 143], [144, -134], [144, 145], [145, 146]], "missing_branches": [[145, 144]]}, "FargvTkBackend": {"executed_lines": [], "summary": {"covered_lines": 0, "num_statements": 6, "percent_covered": 0.0, "percent_covered_display": "0", "missing_lines": 6, "excluded_lines": 0, "percent_statements_covered": 0.0, "percent_statements_covered_display": "0", "num_branches": 2, "num_partial_branches": 0, "covered_branches": 0, "missing_branches": 2, "percent_branches_covered": 0.0, "percent_branches_covered_display": "0"}, "missing_lines": [178, 181, 182, 183, 184, 190], "excluded_lines": [], "start_line": 162, "executed_branches": [], "missing_branches": [[182, 183], [182, 184]]}, "": {"executed_lines": [12, 13, 14, 15, 20, 23, 24, 30, 31, 41, 58, 60, 66, 74, 81, 84, 91, 103, 110, 118, 131, 134, 153, 162, 177, 180, 186], "summary": {"covered_lines": 27, "num_statements": 27, "percent_covered": 100.0, "percent_covered_display": "100", "missing_lines": 0, "excluded_lines": 0, "percent_statements_covered": 100.0, "percent_statements_covered_display": "100", "num_branches": 0, "num_partial_branches": 0, "covered_branches": 0, "missing_branches": 0, "percent_branches_covered": 100.0, "percent_branches_covered_display": "100"}, "missing_lines": [], "excluded_lines": [], "start_line": 1, "executed_branches": [], "missing_branches": []}}}, "fargv/oo_fargv.py": {"executed_lines": [7, 17, 19], "summary": {"covered_lines": 3, "num_statements": 3, "percent_covered": 100.0, "percent_covered_display": "100", "missing_lines": 0, "excluded_lines": 0, "percent_statements_covered": 100.0, "percent_statements_covered_display": "100", "num_branches": 0, "num_partial_branches": 0, "covered_branches": 0, "missing_branches": 0, "percent_branches_covered": 100.0, "percent_branches_covered_display": "100"}, "missing_lines": [], "excluded_lines": [], "executed_branches": [], "missing_branches": [], "functions": {"": {"executed_lines": [7, 17, 19], "summary": {"covered_lines": 3, "num_statements": 3, "percent_covered": 100.0, "percent_covered_display": "100", "missing_lines": 0, "excluded_lines": 0, "percent_statements_covered": 100.0, "percent_statements_covered_display": "100", "num_branches": 0, "num_partial_branches": 0, "covered_branches": 0, "missing_branches": 0, "percent_branches_covered": 100.0, "percent_branches_covered_display": "100"}, "missing_lines": [], "excluded_lines": [], "start_line": 1, "executed_branches": [], "missing_branches": []}}, "classes": {"": {"executed_lines": [7, 17, 19], "summary": {"covered_lines": 3, "num_statements": 3, "percent_covered": 100.0, "percent_covered_display": "100", "missing_lines": 0, "excluded_lines": 0, "percent_statements_covered": 100.0, "percent_statements_covered_display": "100", "num_branches": 0, "num_partial_branches": 0, "covered_branches": 0, "missing_branches": 0, "percent_branches_covered": 100.0, "percent_branches_covered_display": "100"}, "missing_lines": [], "excluded_lines": [], "start_line": 1, "executed_branches": [], "missing_branches": []}}}, "fargv/parameters/__init__.py": {"executed_lines": [30, 31, 32, 33, 34, 35, 36, 37, 38], "summary": {"covered_lines": 9, "num_statements": 9, "percent_covered": 100.0, "percent_covered_display": "100", "missing_lines": 0, "excluded_lines": 0, "percent_statements_covered": 100.0, "percent_statements_covered_display": "100", "num_branches": 0, "num_partial_branches": 0, "covered_branches": 0, "missing_branches": 0, "percent_branches_covered": 100.0, "percent_branches_covered_display": "100"}, "missing_lines": [], "excluded_lines": [], "executed_branches": [], "missing_branches": [], "functions": {"": {"executed_lines": [30, 31, 32, 33, 34, 35, 36, 37, 38], "summary": {"covered_lines": 9, "num_statements": 9, "percent_covered": 100.0, "percent_covered_display": "100", "missing_lines": 0, "excluded_lines": 0, "percent_statements_covered": 100.0, "percent_statements_covered_display": "100", "num_branches": 0, "num_partial_branches": 0, "covered_branches": 0, "missing_branches": 0, "percent_branches_covered": 100.0, "percent_branches_cove
[...]
 "num_branches": 0, "num_partial_branches": 0, "covered_branches": 0, "missing_branches": 0, "percent_branches_covered": 100.0, "percent_branches_covered_display": "100"}, "missing_lines": [], "excluded_lines": [], "start_line": 1, "executed_branches": [], "missing_branches": []}}, "classes": {"": {"executed_lines": [6, 9, 20, 21, 23, 25, 26, 27, 31], "summary": {"covered_lines": 9, "num_statements": 10, "percent_covered": 87.5, "percent_covered_display": "88", "missing_lines": 1, "excluded_lines": 0, "percent_statements_covered": 90.0, "percent_statements_covered_display": "90", "num_branches": 6, "num_partial_branches": 1, "covered_branches": 5, "missing_branches": 1, "percent_branches_covered": 83.33333333333333, "percent_branches_covered_display": "83"}, "missing_lines": [28], "excluded_lines": [], "start_line": 1, "executed_branches": [[20, 21], [20, 23], [23, 25], [23, 31], [26, 27]], "missing_branches": [[26, 28]]}}}, "fargv/type_detection.py": {"executed_lines": [34, 35, 36, 38, 43, 48, 50, 56, 63, 66, 67, 68, 70, 71, 72, 73, 74, 75, 78, 79, 80, 81, 82, 83, 84, 85, 86, 87, 88, 93, 96, 110, 111, 112, 113, 116, 137, 139, 140, 141, 143, 144, 149, 158, 172, 173, 176, 177, 181, 182, 185, 186, 187, 188, 190, 191, 192, 193, 194, 195, 196, 199, 200, 201, 202, 203, 204, 206, 209, 217, 218, 219, 222, 223, 227, 229, 230, 231, 232, 233, 237, 239, 240, 241, 243, 244, 245, 249, 250, 252, 253, 254, 255, 261, 263, 264, 268, 286, 287, 288, 289, 290, 294, 295, 296, 297, 298, 299, 302, 303, 306, 307, 308, 311, 335, 336, 337, 338, 339, 340, 343, 344, 345, 346, 347, 348, 350, 351, 352, 354, 356, 357, 358, 360, 361, 362, 363, 368, 369, 370, 371, 372, 373, 376, 384, 385, 386, 387, 388, 389, 390, 391, 392, 399], "summary": {"covered_lines": 154, "num_statements": 156, "percent_covered": 98.34710743801652, "percent_covered_display": "98", "missing_lines": 2, "excluded_lines": 8, "percent_statements_covered": 98.71794871794872, "percent_statements_covered_display": "99", "num_branches": 86, "num_partial_branches": 2, "covered_branches": 84, "missing_branches": 2, "percent_branches_covered": 97.67441860465117, "percent_branches_covered_display": "98"}, "missing_lines": [224, 225], "excluded_lines": [178, 179, 220, 221, 291, 292, 341, 342], "executed_branches": [[66, 67], [66, 70], [70, 71], [70, 78], [71, 72], [71, 73], [73, 74], [73, 75], [78, -56], [78, 79], [79, -56], [79, 80], [80, -56], [80, 81], [81, -56], [81, 82], [82, -56], [82, 83], [83, -56], [83, 84], [84, -56], [84, 85], [85, 86], [85, 93], [86, 87], [86, 88], [111, -96], [111, 112], [112, 111], [112, 113], [139, 140], [139, 143], [172, 173], [172, 176], [185, 186], [185, 199], [187, 188], [190, 191], [190, 194], [199, 200], [199, 206], [201, 202], [201, 204], [229, 230], [229, 263], [230, 231], [230, 239], [231, 232], [231, 237], [243, 244], [243, 252], [244, 245], [244, 249], [253, 254], [253, 255], [295, 296], [296, 295], [296, 297], [298, 299], [298, 307], [299, 298], [299, 302], [303, 298], [303, 306], [337, 338], [337, 339], [345, 346], [345, 372], [350, 351], [350, 354], [356, 357], [356, 360], [361, 362], [361, 363], [369, 370], [369, 371], [385, 386], [385, 387], [387, 388], [387, 389], [389, 390], [389, 391], [391, 392], [391, 399]], "missing_branches": [[187, 199], [295, 308]], "functions": {"_looks_like_subcommand_dict": {"executed_lines": [50], "summary": {"covered_lines": 1, "num_statements": 1, "percent_covered": 100.0, "percent_covered_display": "100", "missing_lines": 0, "excluded_lines": 0, "percent_statements_covered": 100.0, "percent_statements_covered_display": "100", "num_branches": 0, "num_partial_branches": 0, "covered_branches": 0, "missing_branches": 0, "percent_branches_covered": 100.0, "percent_branches_covered_display": "100"}, "missing_lines": [], "excluded_lines": [], "start_line": 48, "executed_branches": [], "missing_branches": []}, "_infer_param": {"executed_lines": [63, 66, 67, 68, 70, 71, 72, 73, 74, 75, 78, 79, 80, 81, 82, 83, 84, 85, 86, 87, 88, 93], "summary": {"covered_lines": 22, "num_statements": 22, "percent_covered": 100.0, "percent_covered_display": "100", "missing_lines": 0, "excluded_lines": 0, "percent_statements_covered": 100.0, "percent_statements_covered_display": "100", "num_branches": 26, "num_partial_branches": 0, "covered_branches": 26, "missing_branches": 0, "percent_branches_covered": 100.0, "percent_branches_covered_display": "100"}, "missing_lines": [], "excluded_lines": [], "start_line": 56, "executed_branches": [[66, 67], [66, 70], [70, 71], [70, 78], [71, 72], [71, 73], [73, 74], [73, 75], [78, -56], [78, 79], [79, -56], [79, 80], [80, -56], [80, 81], [81, -56], [81, 82], [82, -56], [82, 83], [83, -56], [83, 84], [84, -56], [84, 85], [85, 86], [85, 93], [86, 87], [86, 88]], "missing_branches": []}, "_link_string_params": {"executed_lines": [110, 111, 112, 113], "summary": {"covered_lines": 4, "num_statements": 4, "percent_covered": 100.0, "percent_covered_display": "100", "missing_lines": 0, "excluded_lines": 0, "percent_statements_covered": 100.0, "percent_statements_covered_display": "100", "num_branches": 4, "num_partial_branches": 0, "covered_branches": 4, "missing_branches": 0, "percent_branches_covered": 100.0, "percent_branches_covered_display": "100"}, "missing_lines": [], "excluded_lines": [], "start_line": 96, "executed_branches": [[111, -96], [111, 112], [112, 111], [112, 113]], "missing_branches": []}, "dict_to_parser": {"executed_lines": [137, 139, 140, 141, 143, 144], "summary": {"covered_lines": 6, "num_statements": 6, "percent_covered": 100.0, "percent_covered_display": "100", "missing_lines": 0, "excluded_lines": 0, "percent_statements_covered": 100.0, "percent_statements_covered_display": "100", "num_branches": 2, "num_partial_branches": 0, "covered_branches": 2, "missing_branches": 0, "percent_branches_covered": 100.0, "percent_branches_covered_display": "100"}, "missing_lines": [], "excluded_lines": [], "start_line": 116, "executed_branches": [[139, 140], [139, 143]], "missing_branches": []}, "_annotation_to_fargv_cls": {"executed_lines": [172, 173, 176, 177, 181, 182, 185, 186, 187, 188, 190, 191, 192, 193, 194, 195, 196, 199, 200, 201, 202, 203, 204, 206], "summary": {"covered_lines": 24, "num_statements": 24, "percent_covered": 97.22222222222223, "percent_covered_display": "97", "missing_lines": 0, "excluded_lines": 2, "percent_statements_covered": 100.0, "percent_statements_covered_display": "100", "num_branches": 12, "num_partial_branches": 1, "covered_branches": 11, "missing_branches": 1, "percent_branches_covered": 91.66666666666667, "percent_branches_covered_display": "92"}, "missing_lines": [], "excluded_lines": [178, 179], "start_line": 158, "executed_branches": [[172, 173], [172, 176], [185, 186], [185, 199], [187, 188], [190, 191], [190, 194], [199, 200], [199, 206], [201, 202], [201, 204]], "missing_branches": [[187, 199]]}, "function_to_parser": {"executed_lines": [217, 218, 219, 222, 223, 227, 229, 230, 231, 232, 233, 237, 239, 240, 241, 243, 244, 245, 249, 250, 252, 253, 254, 255, 261, 263, 264], "summary": {"covered_lines": 27, "num_statements": 29, "percent_covered": 95.1219512195122, "percent_covered_display": "95", "missing_lines": 2, "excluded_lines": 2, "percent_statements_covered": 93.10344827586206, "percent_statements_covered_display": "93", "num_branches": 12, "num_partial_branches": 0, "covered_branches": 12, "missing_branches": 0, "percent_branches_covered": 100.0, "percent_branches_covered_display": "100"}, "missing_lines": [224, 225], "excluded_lines": [220, 221], "start_line": 209, "executed_branches": [[229, 230], [229, 263], [230, 231], [230, 239], [231, 232], [231, 237], [243, 244], [243, 252], [244, 245], [244, 249], [253, 254], [253, 255]], "missing_branches": []}, "_extract_field_docstrings": {"executed_lines": [286, 287, 288, 289, 290, 294, 295, 296, 297, 298, 299, 302, 303, 306, 307, 308], "summary": {"covered_lines": 16, "num_statements": 16, "percent_covered": 96.15384615384616, "percent_covered_display": "96", "missing_lines": 0, "excluded_lines": 2, "percent_statements_covered": 100.0, "percent_statements_covered_display": "100", "num_branches": 10, "num_partial_branches": 1, "covered_branches": 9, "missing_branches": 1, "percent_branches_covered": 90.0, "percent_branches_covered_display": "90"}, "missing_lines": [], "excluded_lines": [291, 292], "start_line": 268, "executed_branches": [[295, 296], [296, 295], [296, 297], [298, 299], [298, 307], [299, 298], [299, 302], [303, 298], [303, 306]], "missing_branches": [[295, 308]]}, "dataclass_to_parser": {"executed_lines": [335, 336, 337, 338, 339, 340, 343, 344, 345, 346, 347, 348, 350, 351, 352, 354, 356, 357, 358, 360, 361, 362, 363, 368, 369, 370, 371, 372, 373], "summary": {"covered_lines": 29, "num_statements": 29, "percent_covered": 100.0, "percent_covered_display": "100", "missing_lines": 0, "excluded_lines": 2, "percent_statements_covered": 100.0, "percent_statements_covered_display": "100", "num_branches": 12, "num_partial_branches": 0, "covered_branches": 12, "missing_branches": 0, "percent_branches_covered": 100.0, "percent_branches_covered_display": "100"}, "missing_lines": [], "excluded_lines": [341, 342], "start_line": 311, "executed_branches": [[337, 338], [337, 339], [345, 346], [345, 372], [350, 351], [350, 354], [356, 357], [356, 360], [361, 362], [361, 363], [369, 370], [369, 371]], "missing_branches": []}, "definition_to_parser": {"executed_lines": [384, 385, 386, 387, 388, 389, 390, 391, 392, 399], "summary": {"covered_lines": 10, "num_statements": 10, "percent_covered": 100.0, "percent_covered_display": "100", "missing_lines": 0, "excluded_lines": 0, "percent_statements_covered": 100.0, "percent_statements_covered_display": "100", "num_branches": 8, "num_partial_branches": 0, "covered_branches": 8, "missing_branches": 0, "percent_branches_covered": 100.0, "percent_branches_covered_display": "100"}, "missing_lines": [], "excluded_lines": [], "start_line": 376, "executed_branches": [[385, 386], [385, 387], [387, 388], [387, 389], [389, 390], [389, 391], [391, 392], [391, 399]], "missing_branches": []}, "": {"executed_lines": [34, 35, 36, 38, 43, 48, 56, 96, 116, 149, 158, 209, 268, 311, 376], "summary": {"covered_lines": 15, "num_statements": 15, "percent_covered": 100.0, "percent_covered_display": "100", "missing_lines": 0, "excluded_lines": 0, "percent_statements_covered": 100.0, "percent_statements_covered_display": "100", "num_branches": 0, "num_partial_branches": 0, "covered_branches": 0, "missing_branches": 0, "percent_branches_covered": 100.0, "percent_branches_covered_display": "100"}, "missing_lines": [], "excluded_lines": [], "start_line": 1, "executed_branches": [], "missing_branches": []}}, "classes": {"": {"executed_lines": [34, 35, 36, 38, 43, 48, 50, 56, 63, 66, 67, 68, 70, 71, 72, 73, 74, 75, 78, 79, 80, 81, 82, 83, 84, 85, 86, 87, 88, 93, 96, 110, 111, 112, 113, 116, 137, 139, 140, 141, 143, 144, 149, 158, 172, 173, 176, 177, 181, 182, 185, 186, 187, 188, 190, 191, 192, 193, 194, 195, 196, 199, 200, 201, 202, 203, 204, 206, 209, 217, 218, 219, 222, 223, 227, 229, 230, 231, 232, 233, 237, 239, 240, 241, 243, 244, 245, 249, 250, 252, 253, 254, 255, 261, 263, 264, 268, 286, 287, 288, 289, 290, 294, 295, 296, 297, 298, 299, 302, 303, 306, 307, 308, 311, 335, 336, 337, 338, 339, 340, 343, 344, 345, 346, 347, 348, 350, 351, 352, 354, 356, 357, 358, 360, 361, 362, 363, 368, 369, 370, 371, 372, 373, 376, 384, 385, 386, 387, 388, 389, 390, 391, 392, 399], "summary": {"covered_lines": 154, "num_statements": 156, "percent_covered": 98.34710743801652, "percent_covered_display": "98", "missing_lines": 2, "excluded_lines": 8, "percent_statements_covered": 98.71794871794872, "percent_statements_covered_display": "99", "num_branches": 86, "num_partial_branches": 2, "covered_branches": 84, "missing_branches": 2, "percent_branches_covered": 97.67441860465117, "percent_branches_covered_display": "98"}, "missing_lines": [224, 225], "excluded_lines": [178, 179, 220, 221, 291, 292, 341, 342], "start_line": 1, "executed_branches": [[66, 67], [66, 70], [70, 71], [70, 78], [71, 72], [71, 73], [73, 74], [73, 75], [78, -56], [78, 79], [79, -56], [79, 80], [80, -56], [80, 81], [81, -56], [81, 82], [82, -56], [82, 83], [83, -56], [83, 84], [84, -56], [84, 85], [85, 86], [85, 93], [86, 87], [86, 88], [111, -96], [111, 112], [112, 111], [112, 113], [139, 140], [139, 143], [172, 173], [172, 176], [185, 186], [185, 199], [187, 188], [190, 191], [190, 194], [199, 200], [199, 206], [201, 202], [201, 204], [229, 230], [229, 263], [230, 231], [230, 239], [231, 232], [231, 237], [243, 244], [243, 252], [244, 245], [244, 249], [253, 254], [253, 255], [295, 296], [296, 295], [296, 297], [298, 299], [298, 307], [299, 298], [299, 302], [303, 298], [303, 306], [337, 338], [337, 339], [345, 346], [345, 372], [350, 351], [350, 354], [356, 357], [356, 360], [361, 362], [361, 363], [369, 370], [369, 371], [385, 386], [385, 387], [387, 388], [387, 389], [389, 390], [389, 391], [391, 392], [391, 399]], "missing_branches": [[187, 199], [295, 308]]}}}, "fargv/util.py": {"executed_lines": [6, 7, 8, 11, 13, 16, 18, 21, 24, 30, 33, 36, 39, 48, 49, 50, 51, 53, 54], "summary": {"covered_lines": 19, "num_statements": 19, "percent_covered": 100.0, "percent_covered_display": "100", "missing_lines": 0, "excluded_lines": 0, "percent_statements_covered": 100.0, "percent_statements_covered_display": "100", "num_branches": 4, "num_partial_branches": 0, "covered_branches": 4, "missing_branches": 0, "percent_branches_covered": 100.0, "percent_branches_covered_display": "100"}, "missing_lines": [], "excluded_lines": [], "executed_branches": [[48, -39], [48, 49], [49, 50], [49, 53]], "missing_branches": [], "functions": {"set_verbosity": {"executed_lines": [30], "summary": {"covered_lines": 1, "num_statements": 1, "percent_covered": 100.0, "percent_covered_display": "100", "missing_lines": 0, "excluded_lines": 0, "percent_statements_covered": 100.0, "percent_statements_covered_display": "100", "num_branches": 0, "num_partial_branches": 0, "covered_branches": 0, "missing_branches": 0, "percent_branches_covered": 100.0, "percent_branches_covered_display": "100"}, "missing_lines": [], "excluded_lines": [], "start_line": 24, "executed_branches": [], "missing_branches": []}, "get_verbosity": {"executed_lines": [36], "summary": {"covered_lines": 1, "num_statements": 1, "percent_covered": 100.0, "percent_covered_display": "100", "missing_lines": 0, "excluded_lines": 0, "percent_statements_covered": 100.0, "percent_statements_covered_display": "100", "num_branches": 0, "num_partial_branches": 0, "covered_branches": 0, "missing_branches": 0, "percent_branches_covered": 100.0, "percent_branches_covered_display": "100"}, "missing_lines": [], "excluded_lines": [], "start_line": 33, "executed_branches": [], "missing_branches": []}, "warn": {"executed_lines": [48, 49, 50, 51, 53, 54], "summary": {"covered_lines": 6, "num_statements": 6, "percent_covered": 100.0, "percent_covered_display": "100", "missing_lines": 0, "excluded_lines": 0, "percent_statements_covered": 100.0, "percent_statements_covered_display": "100", "num_branches": 4, "num_partial_branches": 0, "covered_branches": 4, "missing_branches": 0, "percent_branches_covered": 100.0, "percent_branches_covered_display": "100"}, "missing_lines": [], "excluded_lines": [], "start_line": 39, "executed_branches": [[48, -39], [48, 49], [49, 50], [49, 53]], "missing_branches": []}, "": {"executed_lines": [6, 7, 8, 11, 13, 16, 18, 21, 24, 33, 39], "summary": {"covered_lines": 11, "num_statements": 11, "percent_covered": 100.0, "percent_covered_display": "100", "missing_lines": 0, "excluded_lines": 0, "percent_statements_covered": 100.0, "percent_statements_covered_display": "100", "num_branches": 0, "num_partial_branches": 0, "covered_branches": 0, "missing_branches": 0, "percent_branches_covered": 100.0, "percent_branches_covered_display": "100"}, "missing_lines": [], "excluded_lines": [], "start_line": 1, "executed_branches": [], "missing_branches": []}}, "classes": {"FargvParamException": {"executed_lines": [], "summary": {"covered_lines": 0, "num_statements": 0, "percent_covered": 100.0, "percent_covered_display": "100", "missing_lines": 0, "excluded_lines": 0, "percent_statements_covered": 100.0, "percent_statements_covered_display": "100", "num_branches": 0, "num_partial_branches": 0, "covered_branches": 0, "missing_branches": 0, "percent_branches_covered": 100.0, "percent_branches_covered_display": "100"}, "missing_lines": [], "excluded_lines": [], "start_line": 11, "executed_branches": [], "missing_branches": []}, "FargvNameException": {"executed_lines": [], "summary": {"covered_lines": 0, "num_statements": 0, "percent_covered": 100.0, "percent_covered_display": "100", "missing_lines": 0, "excluded_lines": 0, "percent_statements_covered": 100.0, "percent_statements_covered_display": "100", "num_branches": 0, "num_partial_branches": 0, "covered_branches": 0, "missing_branches": 0, "percent_branches_covered": 100.0, "percent_branches_covered_display": "100"}, "missing_lines": [], "excluded_lines": [], "start_line": 16, "executed_branches": [], "missing_branches": []}, "": {"executed_lines": [6, 7, 8, 11, 13, 16, 18, 21, 24, 30, 33, 36, 39, 48, 49, 50, 51, 53, 54], "summary": {"covered_lines": 19, "num_statements": 19, "percent_covered": 100.0, "percent_covered_display": "100", "missing_lines": 0, "excluded_lines": 0, "percent_statements_covered": 100.0, "percent_statements_covered_display": "100", "num_branches": 4, "num_partial_branches": 0, "covered_branches": 4, "missing_branches": 0, "percent_branches_covered": 100.0, "percent_branches_covered_display": "100"}, "missing_lines": [], "excluded_lines": [], "start_line": 1, "executed_branches": [[48, -39], [48, 49], [49, 50], [49, 53]], "missing_branches": []}}}, "fargv/version.py": {"executed_lines": [3], "summary": {"covered_lines": 1, "num_statements": 1, "percent_covered": 100.0, "percent_covered_display": "100", "missing_lines": 0, "excluded_lines": 0, "percent_statements_covered": 100.0, "percent_statements_covered_display": "100", "num_branches": 0, "num_partial_branches": 0, "covered_branches": 0, "missing_branches": 0, "percent_branches_covered": 100.0, "percent_branches_covered_display": "100"}, "missing_lines": [], "excluded_lines": [], "executed_branches": [], "missing_branches": [], "functions": {"": {"executed_lines": [3], "summary": {"covered_lines": 1, "num_statements": 1, "percent_covered": 100.0, "percent_covered_display": "100", "missing_lines": 0, "excluded_lines": 0, "percent_statements_covered": 100.0, "percent_statements_covered_display": "100", "num_branches": 0, "num_partial_branches": 0, "covered_branches": 0, "missing_branches": 0, "percent_branches_covered": 100.0, "percent_branches_covered_display": "100"}, "missing_lines": [], "excluded_lines": [], "start_line": 1, "executed_branches": [], "missing_branches": []}}, "classes": {"": {"executed_lines": [3], "summary": {"covered_lines": 1, "num_statements": 1, "percent_covered": 100.0, "percent_covered_display": "100", "missing_lines": 0, "excluded_lines": 0, "percent_statements_covered": 100.0, "percent_statements_covered_display": "100", "num_branches": 0, "num_partial_branches": 0, "covered_branches": 0, "missing_branches": 0, "percent_branches_covered": 100.0, "percent_branches_covered_display": "100"}, "missing_lines": [], "excluded_lines": [], "start_line": 1, "executed_branches": [], "missing_branches": []}}}}, "totals": {"covered_lines": 1764, "num_statements": 2095, "percent_covered": 82.23126483553747, "percent_covered_display": "82", "missing_lines": 331, "excluded_lines": 62, "percent_statements_covered": 84.20047732696898, "percent_statements_covered_display": "84", "num_branches": 854, "num_partial_branches": 51, "covered_branches": 661, "missing_branches": 193, "percent_branches_covered": 77.40046838407494, "percent_branches_covered_display": "77"}}